#
# There is insufficient memory for the Java Runtime Environment to continue.
# Native memory allocation (mmap) failed to map 268435456 bytes for G1 virtual space
# Possible reasons:
#   The system is out of physical RAM or swap space
#   The process is running with CompressedOops enabled, and the Java Heap may be blocking the growth of the native heap
# Possible solutions:
#   Reduce memory load on the system
#   Increase physical memory or swap space
#   Check if swap backing store is full
#   Decrease Java heap size (-Xmx/-Xms)
#   Decrease number of Java threads
#   Decrease Java thread stack sizes (-Xss)
#   Set larger code cache with -XX:ReservedCodeCacheSize=
#   JVM is running with Zero Based Compressed Oops mode in which the Java heap is
#     placed in the first 32GB address space. The Java Heap base address is the
#     maximum limit for the native heap growth. Please use -XX:HeapBaseMinAddress
#     to set the Java Heap base and to place the Java Heap above 32GB virtual address.
# This output file may be truncated or incomplete.
#
#  Out of Memory Error (os_windows.cpp:3532), pid=21264, tid=22476
#
# JRE version:  (17.0.2+8) (build )
# Java VM: OpenJDK 64-Bit Server VM (17.0.2+8-LTS, mixed mode, sharing, tiered, compressed oops, compressed class ptrs, g1 gc, windows-amd64)
# No core dump will be written. Minidumps are not enabled by default on client versions of Windows
#

---------------  S U M M A R Y ------------

Command Line: -Dmaven.multiModuleProjectDirectory=D:\VIA\Semester3\SEP_GROUP\SEP3\SEP3\SemesterProject\DatabaseServer -Dmaven.home=C:\Users\42194\.m2\wrapper\dists\apache-maven-3.8.6-bin\1ks0nkde5v1pk9vtc31i9d0lcd\apache-maven-3.8.6 -Dclassworlds.conf=C:\Users\42194\.m2\wrapper\dists\apache-maven-3.8.6-bin\1ks0nkde5v1pk9vtc31i9d0lcd\apache-maven-3.8.6\bin\m2.conf -Dmaven.ext.class.path=C:\Program Files\JetBrains\IntelliJ IDEA 2022.1.1\plugins\maven\lib\maven-event-listener.jar -javaagent:C:\Program Files\JetBrains\IntelliJ IDEA 2022.1.1\lib\idea_rt.jar=59940:C:\Program Files\JetBrains\IntelliJ IDEA 2022.1.1\bin -Dfile.encoding=UTF-8 org.codehaus.classworlds.Launcher -Didea.version=2022.1.1 clean install

Host: Intel(R) Core(TM) i7-8550U CPU @ 1.80GHz, 8 cores, 15G,  Windows 10 , 64 bit Build 19041 (10.0.19041.1889)
Time: Tue Nov  8 12:53:02 2022 Central Europe Standard Time elapsed time: 0.015519 seconds (0d 0h 0m 0s)

---------------  T H R E A D  ---------------

Current thread (0x000001e7fec71100):  JavaThread "Unknown thread" [_thread_in_vm, id=22476, stack(0x0000003fc1b00000,0x0000003fc1c00000)]

Stack: [0x0000003fc1b00000,0x0000003fc1c00000]
Native frames: (J=compiled Java code, j=interpreted, Vv=VM code, C=native code)
V  [jvm.dll+0x6769fa]
V  [jvm.dll+0x831784]
V  [jvm.dll+0x832f2e]
V  [jvm.dll+0x833593]
V  [jvm.dll+0x2455e5]
V  [jvm.dll+0x673919]
V  [jvm.dll+0x668252]
V  [jvm.dll+0x30432b]
V  [jvm.dll+0x30b836]
V  [jvm.dll+0x35b5fe]
V  [jvm.dll+0x35b82f]
V  [jvm.dll+0x2db2d8]
V  [jvm.dll+0x2dc244]
V  [jvm.dll+0x803011]
V  [jvm.dll+0x369381]
V  [jvm.dll+0x7e238c]
V  [jvm.dll+0x3ec14f]
V  [jvm.dll+0x3edcd1]
C  [jli.dll+0x527b]
C  [ucrtbase.dll+0x21bb2]
C  [KERNEL32.DLL+0x17034]
C  [ntdll.dll+0x526a1]


---------------  P R O C E S S  ---------------

Threads class SMR info:
_java_thread_list=0x00007ff8fcbfeed8, length=0, elements={
}

Java Threads: ( => current thread )

Other Threads:
  0x000001e7fecc0610 GCTaskThread "GC Thread#0" [stack: 0x0000003fc1c00000,0x0000003fc1d00000] [id=21844]
  0x000001e7fecd2280 ConcurrentGCThread "G1 Main Marker" [stack: 0x0000003fc1d00000,0x0000003fc1e00000] [id=18096]
  0x000001e7fecd3340 ConcurrentGCThread "G1 Conc#0" [stack: 0x0000003fc1e00000,0x0000003fc1f00000] [id=9524]

[error occurred during error reporting (printing all threads), id 0xc0000005, EXCEPTION_ACCESS_VIOLATION (0xc0000005) at pc=0x00007ff8fc3bbd07]

VM state: not at safepoint (not fully initialized)

VM Mutex/Monitor currently owned by a thread:  ([mutex/lock_event])
[0x000001e7fec6cc00] Heap_lock - owner thread: 0x000001e7fec71100

Heap address: 0x0000000701e00000, size: 4066 MB, Compressed Oops mode: Zero based, Oop shift amount: 3

CDS archive(s) mapped at: [0x0000000000000000-0x0000000000000000-0x0000000000000000), size 0, SharedBaseAddress: 0x0000000800000000, ArchiveRelocationMode: 0.
Narrow klass base: 0x0000000000000000, Narrow klass shift: 0, Narrow klass range: 0x0

GC Precious Log:
<Empty>

Heap:
 garbage-first heap   total 0K, used 0K [0x0000000701e00000, 0x0000000800000000)
  region size 2048K, 0 young (0K), 0 survivors (0K)

[error occurred during error reporting (printing heap information), id 0xc0000005, EXCEPTION_ACCESS_VIOLATION (0xc0000005) at pc=0x00007ff8fc79fd49]

GC Heap History (0 events):
No events

Deoptimization events (0 events):
No events

Classes unloaded (0 events):
No events

Classes redefined (0 events):
No events

Internal exceptions (0 events):
No events

VM Operations (0 events):
No events

Events (1 events):
Event: 0.010 Loaded shared library C:\Program Files\Java\zulu17.32.13-ca-jdk17.0.2-win_x64\bin\java.dll


Dynamic libraries:
0x00007ff6f4180000 - 0x00007ff6f418e000 	C:\Program Files\Java\zulu17.32.13-ca-jdk17.0.2-win_x64\bin\java.exe
0x00007ff96d950000 - 0x00007ff96db48000 	C:\WINDOWS\SYSTEM32\ntdll.dll
0x00007ff96bd90000 - 0x00007ff96be4d000 	C:\WINDOWS\System32\KERNEL32.DLL
0x00007ff96b5d0000 - 0x00007ff96b8a2000 	C:\WINDOWS\System32\KERNELBASE.dll
0x00007ff96b8b0000 - 0x00007ff96b9b0000 	C:\WINDOWS\System32\ucrtbase.dll
0x00007ff962200000 - 0x00007ff96221b000 	C:\Program Files\Java\zulu17.32.13-ca-jdk17.0.2-win_x64\bin\VCRUNTIME140.dll
0x00007ff961280000 - 0x00007ff961298000 	C:\Program Files\Java\zulu17.32.13-ca-jdk17.0.2-win_x64\bin\jli.dll
0x00007ff96cbf0000 - 0x00007ff96cd8d000 	C:\WINDOWS\System32\USER32.dll
0x00007ff952f30000 - 0x00007ff9531ca000 	C:\WINDOWS\WinSxS\amd64_microsoft.windows.common-controls_6595b64144ccf1df_6.0.19041.1110_none_60b5254171f9507e\COMCTL32.dll
0x00007ff96b440000 - 0x00007ff96b462000 	C:\WINDOWS\System32\win32u.dll
0x00007ff96c6c0000 - 0x00007ff96c6eb000 	C:\WINDOWS\System32\GDI32.dll
0x00007ff96c620000 - 0x00007ff96c6be000 	C:\WINDOWS\System32\msvcrt.dll
0x00007ff96b130000 - 0x00007ff96b23f000 	C:\WINDOWS\System32\gdi32full.dll
0x00007ff96b090000 - 0x00007ff96b12d000 	C:\WINDOWS\System32\msvcp_win.dll
0x00007ff96c150000 - 0x00007ff96c180000 	C:\WINDOWS\System32\IMM32.DLL
0x00007ff967630000 - 0x00007ff96763c000 	C:\Program Files\Java\zulu17.32.13-ca-jdk17.0.2-win_x64\bin\vcruntime140_1.dll
0x00007ff952390000 - 0x00007ff95241d000 	C:\Program Files\Java\zulu17.32.13-ca-jdk17.0.2-win_x64\bin\msvcp140.dll
0x00007ff8fc0d0000 - 0x00007ff8fcd30000 	C:\Program Files\Java\zulu17.32.13-ca-jdk17.0.2-win_x64\bin\server\jvm.dll
0x00007ff96d6b0000 - 0x00007ff96d75e000 	C:\WINDOWS\System32\ADVAPI32.dll
0x00007ff96bf70000 - 0x00007ff96c00c000 	C:\WINDOWS\System32\sechost.dll
0x00007ff96c010000 - 0x00007ff96c135000 	C:\WINDOWS\System32\RPCRT4.dll
0x00007ff96bcd0000 - 0x00007ff96bcd8000 	C:\WINDOWS\System32\PSAPI.DLL
0x00007ff94bec0000 - 0x00007ff94bec9000 	C:\WINDOWS\SYSTEM32\WSOCK32.dll
0x00007ff960fd0000 - 0x00007ff960fda000 	C:\WINDOWS\SYSTEM32\VERSION.dll
0x00007ff9532b0000 - 0x00007ff9532d7000 	C:\WINDOWS\SYSTEM32\WINMM.dll
0x00007ff96d8a0000 - 0x00007ff96d90b000 	C:\WINDOWS\System32\WS2_32.dll
0x00007ff969870000 - 0x00007ff969882000 	C:\WINDOWS\SYSTEM32\kernel.appcore.dll
0x00007ff964530000 - 0x00007ff96453a000 	C:\Program Files\Java\zulu17.32.13-ca-jdk17.0.2-win_x64\bin\jimage.dll
0x00007ff968d60000 - 0x00007ff968f44000 	C:\WINDOWS\SYSTEM32\DBGHELP.DLL
0x00007ff94cb20000 - 0x00007ff94cb4c000 	C:\WINDOWS\SYSTEM32\dbgcore.DLL
0x00007ff96b2f0000 - 0x00007ff96b372000 	C:\WINDOWS\System32\bcryptPrimitives.dll
0x00007ff967640000 - 0x00007ff96764e000 	C:\Program Files\Java\zulu17.32.13-ca-jdk17.0.2-win_x64\bin\instrument.dll
0x00007ff960ce0000 - 0x00007ff960d05000 	C:\Program Files\Java\zulu17.32.13-ca-jdk17.0.2-win_x64\bin\java.dll

dbghelp: loaded successfully - version: 4.0.5 - missing functions: none
symbol engine: initialized successfully - sym options: 0x614 - pdb path: .;C:\Program Files\Java\zulu17.32.13-ca-jdk17.0.2-win_x64\bin;C:\WINDOWS\SYSTEM32;C:\WINDOWS\WinSxS\amd64_microsoft.windows.common-controls_6595b64144ccf1df_6.0.19041.1110_none_60b5254171f9507e;C:\Program Files\Java\zulu17.32.13-ca-jdk17.0.2-win_x64\bin\server

VM Arguments:
jvm_args: -Dmaven.multiModuleProjectDirectory=D:\VIA\Semester3\SEP_GROUP\SEP3\SEP3\SemesterProject\DatabaseServer -Dmaven.home=C:\Users\42194\.m2\wrapper\dists\apache-maven-3.8.6-bin\1ks0nkde5v1pk9vtc31i9d0lcd\apache-maven-3.8.6 -Dclassworlds.conf=C:\Users\42194\.m2\wrapper\dists\apache-maven-3.8.6-bin\1ks0nkde5v1pk9vtc31i9d0lcd\apache-maven-3.8.6\bin\m2.conf -Dmaven.ext.class.path=C:\Program Files\JetBrains\IntelliJ IDEA 2022.1.1\plugins\maven\lib\maven-event-listener.jar -javaagent:C:\Program Files\JetBrains\IntelliJ IDEA 2022.1.1\lib\idea_rt.jar=59940:C:\Program Files\JetBrains\IntelliJ IDEA 2022.1.1\bin -Dfile.encoding=UTF-8 
java_command: org.codehaus.classworlds.Launcher -Didea.version=2022.1.1 clean install
java_class_path (initial): C:\Users\42194\.m2\wrapper\dists\apache-maven-3.8.6-bin\1ks0nkde5v1pk9vtc31i9d0lcd\apache-maven-3.8.6\boot\plexus-classworlds-2.6.0.jar;C:\Users\42194\.m2\wrapper\dists\apache-maven-3.8.6-bin\1ks0nkde5v1pk9vtc31i9d0lcd\apache-maven-3.8.6\boot\plexus-classworlds.license
Launcher Type: SUN_STANDARD

[Global flags]
     intx CICompilerCount                          = 4                                         {product} {ergonomic}
     uint ConcGCThreads                            = 2                                         {product} {ergonomic}
     uint G1ConcRefinementThreads                  = 8                                         {product} {ergonomic}
   size_t G1HeapRegionSize                         = 2097152                                   {product} {ergonomic}
    uintx GCDrainStackTargetSize                   = 64                                        {product} {ergonomic}
   size_t InitialHeapSize                          = 268435456                                 {product} {ergonomic}
   size_t MarkStackSize                            = 4194304                                   {product} {ergonomic}
   size_t MaxHeapSize                              = 4263510016                                {product} {ergonomic}
   size_t MinHeapDeltaBytes                        = 2097152                                   {product} {ergonomic}
   size_t MinHeapSize                              = 8388608                                   {product} {ergonomic}
    uintx NonNMethodCodeHeapSize                   = 5839372                                {pd product} {ergonomic}
    uintx NonProfiledCodeHeapSize                  = 122909434                              {pd product} {ergonomic}
    uintx ProfiledCodeHeapSize                     = 122909434                              {pd product} {ergonomic}
    uintx ReservedCodeCacheSize                    = 251658240                              {pd product} {ergonomic}
     bool SegmentedCodeCache                       = true                                      {product} {ergonomic}
   size_t SoftMaxHeapSize                          = 4263510016                             {manageable} {ergonomic}
     bool UseCompressedClassPointers               = true                           {product lp64_product} {ergonomic}
     bool UseCompressedOops                        = true                           {product lp64_product} {ergonomic}
     bool UseG1GC                                  = true                                      {product} {ergonomic}
     bool UseLargePagesIndividualAllocation        = false                                  {pd product} {ergonomic}

Logging:
Log output configuration:
 #0: stdout all=warning uptime,level,tags
 #1: stderr all=off uptime,level,tags

Environment Variables:
PATH=C:\Program Files\Zulu\zulu-17\bin\;C:\Program Files (x86)\Common Files\Oracle\Java\javapath;C:\Windows\system32;C:\Windows;C:\Windows\System32\Wbem;C:\Windows\System32\WindowsPowerShell\v1.0\;C:\Windows\System32\OpenSSH\;C:\Program Files (x86)\NVIDIA Corporation\PhysX\Common;C:\WINDOWS\system32;C:\WINDOWS;C:\WINDOWS\System32\Wbem;C:\WINDOWS\System32\WindowsPowerShell\v1.0\;C:\WINDOWS\System32\OpenSSH\;C:\Program Files\NVIDIA Corporation\NVIDIA NvDLISR;C:\WINDOWS\system32;C:\WINDOWS;C:\WINDOWS\System32\Wbem;C:\WINDOWS\System32\WindowsPowerShell\v1.0\;C:\WINDOWS\System32\OpenSSH\;C:\Program Files\Git\cmd;C:\Program Files\nodejs\; C:\Program Files\Java\apache-maven-3.8.6\bin;C:\ProgramData\chocolatey\bin;%RABBITMQ_SERVER%\sbin;C:\Program Files\Erlang OTP\erts-13.1.2\\bin;C:\Users\42194\AppData\Local\Programs\Python\Python310\Scripts\;C:\Users\42194\AppData\Local\Programs\Python\Python310\;C:\Users\42194\scoop\shims;C:\Users\42194\AppData\Local\Programs\Python\Python37\Scripts\;C:\Users\42194\AppData\Local\Programs\Python\Python37\;C:\Users\42194\AppData\Local\Microsoft\WindowsApps;C:\Users\42194\AppData\Local\Programs\Microsoft VS Code\bin;C:\Users\42194\AppData\Local\GitHubDesktop\bin;C:\Users\42194\go\bin;C:\src\flutter\bin;C:\Users\42194\AppData\Local\atom\bin;C:\Users\42194\AppData\Local\Programs\Hyper\resources\bin;C:\Program Files\heroku\bin;C:\Users\42194\AppData\Roaming\npm;C:\Program Files\Java\apache-maven-3.8.6\bin;;C:\Program Files\JetBrains\JetBrains Rider 2022.2.2\bin;;C:\Users\42194\AppData\Local\JetBrains\Toolbox\scripts;C:\Users\42194\.dotnet\tools
USERNAME=42194
OS=Windows_NT
PROCESSOR_IDENTIFIER=Intel64 Family 6 Model 142 Stepping 10, GenuineIntel



---------------  S Y S T E M  ---------------

OS:
 Windows 10 , 64 bit Build 19041 (10.0.19041.1889)
OS uptime: 0 days 11:20 hours
Hyper-V role detected

CPU: total 8 (initial active 8) (4 cores per cpu, 2 threads per core) family 6 model 142 stepping 10 microcode 0xd6, cx8, cmov, fxsr, ht, mmx, 3dnowpref, sse, sse2, sse3, ssse3, sse4.1, sse4.2, popcnt, lzcnt, tsc, tscinvbit, avx, avx2, aes, erms, clmul, bmi1, bmi2, adx, fma, vzeroupper, clflush, clflushopt, hv

Memory: 4k page, system-wide physical 16258M (2487M free)
TotalPageFile size 16258M (AvailPageFile size 90M)
current process WorkingSet (physical memory assigned to process): 10M, peak: 10M
current process commit charge ("private bytes"): 60M, peak: 316M

vm_info: OpenJDK 64-Bit Server VM (17.0.2+8-LTS) for windows-amd64 JRE (17.0.2+8-LTS) (Zulu17.32+13-CA), built on Jan  8 2022 13:06:16 by "zulu_re" with MS VC++ 16.10 / 16.11 (VS2019)

END.
