#
# There is insufficient memory for the Java Runtime Environment to continue.
# Native memory allocation (mmap) failed to map 268435456 bytes for G1 virtual space
# Possible reasons:
#   The system is out of physical RAM or swap space
#   The process is running with CompressedOops enabled, and the Java Heap may be blocking the growth of the native heap
# Possible solutions:
#   Reduce memory load on the system
#   Increase physical memory or swap space
#   Check if swap backing store is full
#   Decrease Java heap size (-Xmx/-Xms)
#   Decrease number of Java threads
#   Decrease Java thread stack sizes (-Xss)
#   Set larger code cache with -XX:ReservedCodeCacheSize=
#   JVM is running with Zero Based Compressed Oops mode in which the Java heap is
#     placed in the first 32GB address space. The Java Heap base address is the
#     maximum limit for the native heap growth. Please use -XX:HeapBaseMinAddress
#     to set the Java Heap base and to place the Java Heap above 32GB virtual address.
# This output file may be truncated or incomplete.
#
#  Out of Memory Error (os_windows.cpp:3532), pid=4224, tid=10584
#
# JRE version:  (17.0.2+8) (build )
# Java VM: OpenJDK 64-Bit Server VM (17.0.2+8-LTS, mixed mode, emulated-client, sharing, tiered, compressed oops, compressed class ptrs, g1 gc, windows-amd64)
# No core dump will be written. Minidumps are not enabled by default on client versions of Windows
#

---------------  S U M M A R Y ------------

Command Line: -XX:TieredStopAtLevel=1 -Xverify:none -Dspring.output.ansi.enabled=always -Dcom.sun.management.jmxremote -Dspring.jmx.enabled=true -Dspring.liveBeansView.mbeanDomain -Dspring.application.admin.enabled=true -javaagent:C:\Program Files\JetBrains\IntelliJ IDEA 2022.1.1\lib\idea_rt.jar=50330:C:\Program Files\JetBrains\IntelliJ IDEA 2022.1.1\bin -Dfile.encoding=UTF-8 dk.via.nbnp.databaseserver.DatabaseServerApplication

Host: Intel(R) Core(TM) i7-8550U CPU @ 1.80GHz, 8 cores, 15G,  Windows 10 , 64 bit Build 19041 (10.0.19041.2251)
Time: Thu Dec  8 15:52:00 2022 Central Europe Standard Time elapsed time: 0.026235 seconds (0d 0h 0m 0s)

---------------  T H R E A D  ---------------

Current thread (0x0000022d02b27290):  JavaThread "Unknown thread" [_thread_in_vm, id=10584, stack(0x000000acb7600000,0x000000acb7700000)]

Stack: [0x000000acb7600000,0x000000acb7700000]
Native frames: (J=compiled Java code, j=interpreted, Vv=VM code, C=native code)
V  [jvm.dll+0x6769fa]
V  [jvm.dll+0x831784]
V  [jvm.dll+0x832f2e]
V  [jvm.dll+0x833593]
V  [jvm.dll+0x2455e5]
V  [jvm.dll+0x673919]
V  [jvm.dll+0x668252]
V  [jvm.dll+0x30432b]
V  [jvm.dll+0x30b836]
V  [jvm.dll+0x35b5fe]
V  [jvm.dll+0x35b82f]
V  [jvm.dll+0x2db2d8]
V  [jvm.dll+0x2dc244]
V  [jvm.dll+0x803011]
V  [jvm.dll+0x369381]
V  [jvm.dll+0x7e238c]
V  [jvm.dll+0x3ec14f]
V  [jvm.dll+0x3edcd1]
C  [jli.dll+0x527b]
C  [ucrtbase.dll+0x21bb2]
C  [KERNEL32.DLL+0x174b4]
C  [ntdll.dll+0x526a1]


---------------  P R O C E S S  ---------------

Threads class SMR info:
_java_thread_list=0x00007ffe96aeeed8, length=0, elements={
}

Java Threads: ( => current thread )

Other Threads:
  0x0000022d02b761d0 GCTaskThread "GC Thread#0" [stack: 0x000000acb7700000,0x000000acb7800000] [id=13904]
  0x0000022d02b86f20 ConcurrentGCThread "G1 Main Marker" [stack: 0x000000acb7800000,0x000000acb7900000] [id=25040]
  0x0000022d02b880d0 ConcurrentGCThread "G1 Conc#0" [stack: 0x000000acb7900000,0x000000acb7a00000] [id=2456]

[error occurred during error reporting (printing all threads), id 0xc0000005, EXCEPTION_ACCESS_VIOLATION (0xc0000005) at pc=0x00007ffe962abd07]

VM state: not at safepoint (not fully initialized)

VM Mutex/Monitor currently owned by a thread:  ([mutex/lock_event])
[0x0000022d02b22e40] Heap_lock - owner thread: 0x0000022d02b27290

Heap address: 0x0000000701e00000, size: 4066 MB, Compressed Oops mode: Zero based, Oop shift amount: 3

CDS archive(s) mapped at: [0x0000000000000000-0x0000000000000000-0x0000000000000000), size 0, SharedBaseAddress: 0x0000000800000000, ArchiveRelocationMode: 0.
Narrow klass base: 0x0000000000000000, Narrow klass shift: 0, Narrow klass range: 0x0

GC Precious Log:
<Empty>

Heap:
 garbage-first heap   total 0K, used 0K [0x0000000701e00000, 0x0000000800000000)
  region size 2048K, 0 young (0K), 0 survivors (0K)

[error occurred during error reporting (printing heap information), id 0xc0000005, EXCEPTION_ACCESS_VIOLATION (0xc0000005) at pc=0x00007ffe9668fd49]

GC Heap History (0 events):
No events

Deoptimization events (0 events):
No events

Classes unloaded (0 events):
No events

Classes redefined (0 events):
No events

Internal exceptions (0 events):
No events

VM Operations (0 events):
No events

Events (1 events):
Event: 0.017 Loaded shared library C:\Program Files\Java\zulu17.32.13-ca-jdk17.0.2-win_x64\bin\java.dll


Dynamic libraries:
0x00007ff606d30000 - 0x00007ff606d3e000 	C:\Program Files\Java\zulu17.32.13-ca-jdk17.0.2-win_x64\bin\java.exe
0x00007ffeee6b0000 - 0x00007ffeee8a8000 	C:\WINDOWS\SYSTEM32\ntdll.dll
0x00007ffeee5b0000 - 0x00007ffeee66f000 	C:\WINDOWS\System32\KERNEL32.DLL
0x00007ffeec420000 - 0x00007ffeec6f2000 	C:\WINDOWS\System32\KERNELBASE.dll
0x00007ffeebe20000 - 0x00007ffeebf20000 	C:\WINDOWS\System32\ucrtbase.dll
0x00007ffee38e0000 - 0x00007ffee38f8000 	C:\Program Files\Java\zulu17.32.13-ca-jdk17.0.2-win_x64\bin\jli.dll
0x00007ffee2e30000 - 0x00007ffee2e4b000 	C:\Program Files\Java\zulu17.32.13-ca-jdk17.0.2-win_x64\bin\VCRUNTIME140.dll
0x00007ffeee3b0000 - 0x00007ffeee54d000 	C:\WINDOWS\System32\USER32.dll
0x00007ffed50d0000 - 0x00007ffed536a000 	C:\WINDOWS\WinSxS\amd64_microsoft.windows.common-controls_6595b64144ccf1df_6.0.19041.1110_none_60b5254171f9507e\COMCTL32.dll
0x00007ffeec3f0000 - 0x00007ffeec412000 	C:\WINDOWS\System32\win32u.dll
0x00007ffeecd80000 - 0x00007ffeecdab000 	C:\WINDOWS\System32\GDI32.dll
0x00007ffeedb90000 - 0x00007ffeedc2e000 	C:\WINDOWS\System32\msvcrt.dll
0x00007ffeec020000 - 0x00007ffeec12f000 	C:\WINDOWS\System32\gdi32full.dll
0x00007ffeec290000 - 0x00007ffeec32d000 	C:\WINDOWS\System32\msvcp_win.dll
0x00007ffeecd40000 - 0x00007ffeecd72000 	C:\WINDOWS\System32\IMM32.DLL
0x00007ffee83b0000 - 0x00007ffee83bc000 	C:\Program Files\Java\zulu17.32.13-ca-jdk17.0.2-win_x64\bin\vcruntime140_1.dll
0x00007ffed18c0000 - 0x00007ffed194d000 	C:\Program Files\Java\zulu17.32.13-ca-jdk17.0.2-win_x64\bin\msvcp140.dll
0x00007ffe95fc0000 - 0x00007ffe96c20000 	C:\Program Files\Java\zulu17.32.13-ca-jdk17.0.2-win_x64\bin\server\jvm.dll
0x00007ffeec7b0000 - 0x00007ffeec85e000 	C:\WINDOWS\System32\ADVAPI32.dll
0x00007ffeed560000 - 0x00007ffeed5fc000 	C:\WINDOWS\System32\sechost.dll
0x00007ffeeda60000 - 0x00007ffeedb85000 	C:\WINDOWS\System32\RPCRT4.dll
0x00007ffeee390000 - 0x00007ffeee398000 	C:\WINDOWS\System32\PSAPI.DLL
0x00007ffeda110000 - 0x00007ffeda137000 	C:\WINDOWS\SYSTEM32\WINMM.dll
0x00007ffecda50000 - 0x00007ffecda59000 	C:\WINDOWS\SYSTEM32\WSOCK32.dll
0x00007ffee3a60000 - 0x00007ffee3a6a000 	C:\WINDOWS\SYSTEM32\VERSION.dll
0x00007ffeee320000 - 0x00007ffeee38b000 	C:\WINDOWS\System32\WS2_32.dll
0x00007ffeea5f0000 - 0x00007ffeea602000 	C:\WINDOWS\SYSTEM32\kernel.appcore.dll
0x00007ffee8200000 - 0x00007ffee820a000 	C:\Program Files\Java\zulu17.32.13-ca-jdk17.0.2-win_x64\bin\jimage.dll
0x00007ffee9ab0000 - 0x00007ffee9c94000 	C:\WINDOWS\SYSTEM32\DBGHELP.DLL
0x00007ffed0940000 - 0x00007ffed096c000 	C:\WINDOWS\SYSTEM32\dbgcore.DLL
0x00007ffeec360000 - 0x00007ffeec3e2000 	C:\WINDOWS\System32\bcryptPrimitives.dll
0x00007ffee62f0000 - 0x00007ffee62fe000 	C:\Program Files\Java\zulu17.32.13-ca-jdk17.0.2-win_x64\bin\instrument.dll
0x00007ffed8970000 - 0x00007ffed8995000 	C:\Program Files\Java\zulu17.32.13-ca-jdk17.0.2-win_x64\bin\java.dll

dbghelp: loaded successfully - version: 4.0.5 - missing functions: none
symbol engine: initialized successfully - sym options: 0x614 - pdb path: .;C:\Program Files\Java\zulu17.32.13-ca-jdk17.0.2-win_x64\bin;C:\WINDOWS\SYSTEM32;C:\WINDOWS\WinSxS\amd64_microsoft.windows.common-controls_6595b64144ccf1df_6.0.19041.1110_none_60b5254171f9507e;C:\Program Files\Java\zulu17.32.13-ca-jdk17.0.2-win_x64\bin\server

VM Arguments:
jvm_args: -XX:TieredStopAtLevel=1 -Xverify:none -Dspring.output.ansi.enabled=always -Dcom.sun.management.jmxremote -Dspring.jmx.enabled=true -Dspring.liveBeansView.mbeanDomain -Dspring.application.admin.enabled=true -javaagent:C:\Program Files\JetBrains\IntelliJ IDEA 2022.1.1\lib\idea_rt.jar=50330:C:\Program Files\JetBrains\IntelliJ IDEA 2022.1.1\bin -Dfile.encoding=UTF-8 
java_command: dk.via.nbnp.databaseserver.DatabaseServerApplication
java_class_path (initial): D:\VIA\Semester3\SEP3_GROUP\SEP3\SEP3\SEP3 Project\DataAccessTier\target\classes;C:\Users\42194\.m2\repository\org\springframework\boot\spring-boot-starter-data-jpa\2.7.5\spring-boot-starter-data-jpa-2.7.5.jar;C:\Users\42194\.m2\repository\org\springframework\boot\spring-boot-starter-aop\2.7.5\spring-boot-starter-aop-2.7.5.jar;C:\Users\42194\.m2\repository\org\springframework\spring-aop\5.3.23\spring-aop-5.3.23.jar;C:\Users\42194\.m2\repository\org\aspectj\aspectjweaver\1.9.7\aspectjweaver-1.9.7.jar;C:\Users\42194\.m2\repository\org\springframework\boot\spring-boot-starter-jdbc\2.7.5\spring-boot-starter-jdbc-2.7.5.jar;C:\Users\42194\.m2\repository\com\zaxxer\HikariCP\4.0.3\HikariCP-4.0.3.jar;C:\Users\42194\.m2\repository\org\springframework\spring-jdbc\5.3.23\spring-jdbc-5.3.23.jar;C:\Users\42194\.m2\repository\jakarta\transaction\jakarta.transaction-api\1.3.3\jakarta.transaction-api-1.3.3.jar;C:\Users\42194\.m2\repository\jakarta\persistence\jakarta.persistence-api\2.2.3\jakarta.persistence-api-2.2.3.jar;C:\Users\42194\.m2\repository\org\hibernate\hibernate-core\5.6.12.Final\hibernate-core-5.6.12.Final.jar;C:\Users\42194\.m2\repository\org\jboss\logging\jboss-logging\3.4.3.Final\jboss-logging-3.4.3.Final.jar;C:\Users\42194\.m2\repository\net\bytebuddy\byte-buddy\1.12.18\byte-buddy-1.12.18.jar;C:\Users\42194\.m2\repository\antlr\antlr\2.7.7\antlr-2.7.7.jar;C:\Users\42194\.m2\repository\org\jboss\jandex\2.4.2.Final\jandex-2.4.2.Final.jar;C:\Users\42194\.m2\repository\com\fasterxml\classmate\1.5.1\classmate-1.5.1.jar;C:\Users\42194\.m2\repository\org\hibernate\common\hibernate-commons-annotations\5.1.2.Final\hibernate-commons-annotations-5.1.2.Final.jar;C:\Users\42194\.m2\repository\org\glassfish\jaxb\jaxb-runtime\2.3.7\jaxb-runtime-2.3.7.jar;C:\Users\42194\.m2\repository\org\glassfish\jaxb\txw2\2.3.7\txw2-2.3.7.jar;C:\Users\42194\.m2\repository\com\sun\istack\istack-commons-runtime\3.0.12\istack-commons-runtime-3.0.12.jar;C:\Users\42194\.
Launcher Type: SUN_STANDARD

[Global flags]
     intx CICompilerCount                          = 4                                         {product} {ergonomic}
     uint ConcGCThreads                            = 2                                         {product} {ergonomic}
     uint G1ConcRefinementThreads                  = 8                                         {product} {ergonomic}
   size_t G1HeapRegionSize                         = 2097152                                   {product} {ergonomic}
    uintx GCDrainStackTargetSize                   = 64                                        {product} {ergonomic}
   size_t InitialHeapSize                          = 268435456                                 {product} {ergonomic}
     bool ManagementServer                         = true                                      {product} {command line}
   size_t MarkStackSize                            = 4194304                                   {product} {ergonomic}
   size_t MaxHeapSize                              = 4263510016                                {product} {ergonomic}
   size_t MinHeapDeltaBytes                        = 2097152                                   {product} {ergonomic}
   size_t MinHeapSize                              = 8388608                                   {product} {ergonomic}
    uintx NonProfiledCodeHeapSize                  = 0                                      {pd product} {ergonomic}
     bool ProfileInterpreter                       = false                                  {pd product} {command line}
    uintx ProfiledCodeHeapSize                     = 0                                      {pd product} {ergonomic}
   size_t SoftMaxHeapSize                          = 4263510016                             {manageable} {ergonomic}
     intx TieredStopAtLevel                        = 1                                         {product} {command line}
     bool UseCompressedClassPointers               = true                           {product lp64_product} {ergonomic}
     bool UseCompressedOops                        = true                           {product lp64_product} {ergonomic}
     bool UseG1GC                                  = true                                      {product} {ergonomic}
     bool UseLargePagesIndividualAllocation        = false                                  {pd product} {ergonomic}

Logging:
Log output configuration:
 #0: stdout all=warning uptime,level,tags
 #1: stderr all=off uptime,level,tags

Environment Variables:
PATH=C:\Program Files\Zulu\zulu-17\bin\;C:\Program Files (x86)\Common Files\Oracle\Java\javapath;C:\Windows\system32;C:\Windows;C:\Windows\System32\Wbem;C:\Windows\System32\WindowsPowerShell\v1.0\;C:\Windows\System32\OpenSSH\;C:\Program Files (x86)\NVIDIA Corporation\PhysX\Common;C:\WINDOWS\system32;C:\WINDOWS;C:\WINDOWS\System32\Wbem;C:\WINDOWS\System32\WindowsPowerShell\v1.0\;C:\WINDOWS\System32\OpenSSH\;C:\Program Files\NVIDIA Corporation\NVIDIA NvDLISR;C:\WINDOWS\system32;C:\WINDOWS;C:\WINDOWS\System32\Wbem;C:\WINDOWS\System32\WindowsPowerShell\v1.0\;C:\WINDOWS\System32\OpenSSH\;C:\Program Files\Git\cmd;C:\Program Files\nodejs\; C:\Program Files\Java\apache-maven-3.8.6\bin;C:\ProgramData\chocolatey\bin;%RABBITMQ_SERVER%\sbin;C:\Program Files\Erlang OTP\erts-13.1.2\\bin;C:\Program Files\dotnet;C:\Users\42194\AppData\Local\Programs\Python\Python310\Scripts\;C:\Users\42194\AppData\Local\Programs\Python\Python310\;C:\Users\42194\scoop\shims;C:\Users\42194\AppData\Local\Programs\Python\Python37\Scripts\;C:\Users\42194\AppData\Local\Programs\Python\Python37\;C:\Users\42194\AppData\Local\Microsoft\WindowsApps;C:\Users\42194\AppData\Local\Programs\Microsoft VS Code\bin;C:\Users\42194\AppData\Local\GitHubDesktop\bin;C:\Users\42194\go\bin;C:\src\flutter\bin;C:\Users\42194\AppData\Local\atom\bin;C:\Users\42194\AppData\Local\Programs\Hyper\resources\bin;C:\Program Files\heroku\bin;C:\Users\42194\AppData\Roaming\npm;C:\Program Files\Java\apache-maven-3.8.6\bin;C:\Program Files\JetBrains\JetBrains Rider 2022.2.2\bin;C:\Users\42194\AppData\Local\JetBrains\Toolbox\scripts;C:\Users\42194\.dotnet\tools;C:\Users\42194\.dotnet\tools;
USERNAME=42194
OS=Windows_NT
PROCESSOR_IDENTIFIER=Intel64 Family 6 Model 142 Stepping 10, GenuineIntel



---------------  S Y S T E M  ---------------

OS:
 Windows 10 , 64 bit Build 19041 (10.0.19041.2251)
OS uptime: 0 days 17:36 hours
Hyper-V role detected

CPU: total 8 (initial active 8) (4 cores per cpu, 2 threads per core) family 6 model 142 stepping 10 microcode 0xd6, cx8, cmov, fxsr, ht, mmx, 3dnowpref, sse, sse2, sse3, ssse3, sse4.1, sse4.2, popcnt, lzcnt, tsc, tscinvbit, avx, avx2, aes, erms, clmul, bmi1, bmi2, adx, fma, vzeroupper, clflush, clflushopt, hv

Memory: 4k page, system-wide physical 16258M (1819M free)
TotalPageFile size 16258M (AvailPageFile size 100M)
current process WorkingSet (physical memory assigned to process): 10M, peak: 10M
current process commit charge ("private bytes"): 55M, peak: 311M

vm_info: OpenJDK 64-Bit Server VM (17.0.2+8-LTS) for windows-amd64 JRE (17.0.2+8-LTS) (Zulu17.32+13-CA), built on Jan  8 2022 13:06:16 by "zulu_re" with MS VC++ 16.10 / 16.11 (VS2019)

END.
