#
# There is insufficient memory for the Java Runtime Environment to continue.
# Native memory allocation (malloc) failed to allocate 1152112 bytes for Chunk::new
# Possible reasons:
#   The system is out of physical RAM or swap space
#   The process is running with CompressedOops enabled, and the Java Heap may be blocking the growth of the native heap
# Possible solutions:
#   Reduce memory load on the system
#   Increase physical memory or swap space
#   Check if swap backing store is full
#   Decrease Java heap size (-Xmx/-Xms)
#   Decrease number of Java threads
#   Decrease Java thread stack sizes (-Xss)
#   Set larger code cache with -XX:ReservedCodeCacheSize=
#   JVM is running with Zero Based Compressed Oops mode in which the Java heap is
#     placed in the first 32GB address space. The Java Heap base address is the
#     maximum limit for the native heap growth. Please use -XX:HeapBaseMinAddress
#     to set the Java Heap base and to place the Java Heap above 32GB virtual address.
# This output file may be truncated or incomplete.
#
#  Out of Memory Error (arena.cpp:189), pid=19536, tid=27612
#
# JRE version: OpenJDK Runtime Environment Zulu17.32+13-CA (17.0.2+8) (build 17.0.2+8-LTS)
# Java VM: OpenJDK 64-Bit Server VM Zulu17.32+13-CA (17.0.2+8-LTS, mixed mode, sharing, tiered, compressed oops, compressed class ptrs, g1 gc, windows-amd64)
# No core dump will be written. Minidumps are not enabled by default on client versions of Windows
#

---------------  S U M M A R Y ------------

Command Line: -Dmaven.multiModuleProjectDirectory=D:\VIA\Semester3\SEP3_GROUP\SEP3\SEP3\SEP3 Project\DataAccessTier -Dmaven.home=C:\Users\42194\.m2\wrapper\dists\apache-maven-3.8.6-bin\1ks0nkde5v1pk9vtc31i9d0lcd\apache-maven-3.8.6 -Dclassworlds.conf=C:\Users\42194\.m2\wrapper\dists\apache-maven-3.8.6-bin\1ks0nkde5v1pk9vtc31i9d0lcd\apache-maven-3.8.6\bin\m2.conf -Dmaven.ext.class.path=C:\Program Files\JetBrains\IntelliJ IDEA 2022.1.1\plugins\maven\lib\maven-event-listener.jar -javaagent:C:\Program Files\JetBrains\IntelliJ IDEA 2022.1.1\lib\idea_rt.jar=52113:C:\Program Files\JetBrains\IntelliJ IDEA 2022.1.1\bin -Dfile.encoding=UTF-8 org.codehaus.classworlds.Launcher -Didea.version=2022.1.1 clean install

Host: Intel(R) Core(TM) i7-8550U CPU @ 1.80GHz, 8 cores, 15G,  Windows 10 , 64 bit Build 19041 (10.0.19041.2251)
Time: Tue Nov 29 20:19:53 2022 Central Europe Standard Time elapsed time: 4.153746 seconds (0d 0h 0m 4s)

---------------  T H R E A D  ---------------

Current thread (0x000002127f6eb0e0):  JavaThread "C2 CompilerThread1" daemon [_thread_in_native, id=27612, stack(0x0000008445700000,0x0000008445800000)]


Current CompileTask:
C2:   4153 4273   !   4       sun.nio.cs.StreamDecoder::read (196 bytes)

Stack: [0x0000008445700000,0x0000008445800000]
Native frames: (J=compiled Java code, j=interpreted, Vv=VM code, C=native code)
V  [jvm.dll+0x6769fa]
V  [jvm.dll+0x831784]
V  [jvm.dll+0x832f2e]
V  [jvm.dll+0x833593]
V  [jvm.dll+0x2455e5]
V  [jvm.dll+0xabf1b]
V  [jvm.dll+0xac4ac]
V  [jvm.dll+0x3635f7]
V  [jvm.dll+0x32dae1]
V  [jvm.dll+0x32cf8a]
V  [jvm.dll+0x218531]
V  [jvm.dll+0x217951]
V  [jvm.dll+0x1a3e2d]
V  [jvm.dll+0x2272d8]
V  [jvm.dll+0x22542c]
V  [jvm.dll+0x7e701c]
V  [jvm.dll+0x7e15ca]
V  [jvm.dll+0x675885]
C  [ucrtbase.dll+0x21bb2]
C  [KERNEL32.DLL+0x174b4]
C  [ntdll.dll+0x526a1]


---------------  P R O C E S S  ---------------

Threads class SMR info:
_java_thread_list=0x00000212002e3dd0, length=15, elements={
0x0000021256a03570, 0x000002127b8fe790, 0x000002127b8ff600, 0x000002127b914500,
0x000002127b9171d0, 0x000002127b917b80, 0x000002127b918f50, 0x000002127b91a4f0,
0x000002127b91f4a0, 0x000002127b929eb0, 0x000002127b8e6cc0, 0x000002127c640bf0,
0x000002127c6410c0, 0x000002127f6eb0e0, 0x000002127f6feeb0
}

Java Threads: ( => current thread )
  0x0000021256a03570 JavaThread "main" [_thread_in_native, id=21140, stack(0x0000008444300000,0x0000008444400000)]
  0x000002127b8fe790 JavaThread "Reference Handler" daemon [_thread_blocked, id=18136, stack(0x0000008444a00000,0x0000008444b00000)]
  0x000002127b8ff600 JavaThread "Finalizer" daemon [_thread_blocked, id=24136, stack(0x0000008444b00000,0x0000008444c00000)]
  0x000002127b914500 JavaThread "Signal Dispatcher" daemon [_thread_blocked, id=25848, stack(0x0000008444c00000,0x0000008444d00000)]
  0x000002127b9171d0 JavaThread "Attach Listener" daemon [_thread_blocked, id=13920, stack(0x0000008444d00000,0x0000008444e00000)]
  0x000002127b917b80 JavaThread "Service Thread" daemon [_thread_blocked, id=1916, stack(0x0000008444e00000,0x0000008444f00000)]
  0x000002127b918f50 JavaThread "Monitor Deflation Thread" daemon [_thread_blocked, id=17740, stack(0x0000008444f00000,0x0000008445000000)]
  0x000002127b91a4f0 JavaThread "C2 CompilerThread0" daemon [_thread_in_native, id=14816, stack(0x0000008445000000,0x0000008445100000)]
  0x000002127b91f4a0 JavaThread "C1 CompilerThread0" daemon [_thread_blocked, id=23232, stack(0x0000008445100000,0x0000008445200000)]
  0x000002127b929eb0 JavaThread "Sweeper thread" daemon [_thread_blocked, id=22860, stack(0x0000008445200000,0x0000008445300000)]
  0x000002127b8e6cc0 JavaThread "Common-Cleaner" daemon [_thread_blocked, id=18512, stack(0x0000008445300000,0x0000008445400000)]
  0x000002127c640bf0 JavaThread "Monitor Ctrl-Break" daemon [_thread_in_native, id=16308, stack(0x0000008445400000,0x0000008445500000)]
  0x000002127c6410c0 JavaThread "Notification Thread" daemon [_thread_blocked, id=11260, stack(0x0000008445500000,0x0000008445600000)]
=>0x000002127f6eb0e0 JavaThread "C2 CompilerThread1" daemon [_thread_in_native, id=27612, stack(0x0000008445700000,0x0000008445800000)]
  0x000002127f6feeb0 JavaThread "C2 CompilerThread2" daemon [_thread_in_native, id=18200, stack(0x0000008445f00000,0x0000008446000000)]

Other Threads:
  0x000002127b8f9b90 VMThread "VM Thread" [stack: 0x0000008444900000,0x0000008444a00000] [id=22672]
  0x0000021256a7fdb0 WatcherThread [stack: 0x0000008445600000,0x0000008445700000] [id=3924]
  0x0000021256a527c0 GCTaskThread "GC Thread#0" [stack: 0x0000008444400000,0x0000008444500000] [id=22648]
  0x000002127cf1e360 GCTaskThread "GC Thread#1" [stack: 0x0000008445900000,0x0000008445a00000] [id=25240]
  0x000002127cf3e100 GCTaskThread "GC Thread#2" [stack: 0x0000008445a00000,0x0000008445b00000] [id=8400]
  0x000002127cf3e3b0 GCTaskThread "GC Thread#3" [stack: 0x0000008445b00000,0x0000008445c00000] [id=19264]
  0x000002127cf8a850 GCTaskThread "GC Thread#4" [stack: 0x0000008445c00000,0x0000008445d00000] [id=19236]
  0x000002127d0188f0 GCTaskThread "GC Thread#5" [stack: 0x0000008445d00000,0x0000008445e00000] [id=6152]
  0x000002127ced1560 GCTaskThread "GC Thread#6" [stack: 0x0000008445e00000,0x0000008445f00000] [id=7424]
  0x000002127cee6c60 GCTaskThread "GC Thread#7" [stack: 0x0000008445800000,0x0000008445900000] [id=22912]
  0x0000021256a63510 ConcurrentGCThread "G1 Main Marker" [stack: 0x0000008444500000,0x0000008444600000] [id=22076]
  0x0000021256a64f30 ConcurrentGCThread "G1 Conc#0" [stack: 0x0000008444600000,0x0000008444700000] [id=12380]
  0x000002127b7b20c0 ConcurrentGCThread "G1 Refine#0" [stack: 0x0000008444700000,0x0000008444800000] [id=14456]
  0x000002127b7b2ae0 ConcurrentGCThread "G1 Service" [stack: 0x0000008444800000,0x0000008444900000] [id=17580]

Threads with active compile tasks:
C2 CompilerThread0     4186 4231       4       org.eclipse.aether.util.graph.transformer.ConflictResolver$State::push (447 bytes)
C2 CompilerThread1     4186 4273   !   4       sun.nio.cs.StreamDecoder::read (196 bytes)
C2 CompilerThread2     4186 4276       4       org.codehaus.plexus.util.InterpolationFilterReader::read (477 bytes)

VM state: not at safepoint (normal execution)

VM Mutex/Monitor currently owned by a thread: None

Heap address: 0x0000000701e00000, size: 4066 MB, Compressed Oops mode: Zero based, Oop shift amount: 3

CDS archive(s) mapped at: [0x0000000800000000-0x0000000800bc0000-0x0000000800bc0000), size 12320768, SharedBaseAddress: 0x0000000800000000, ArchiveRelocationMode: 0.
Compressed class space mapped at: 0x0000000800c00000-0x0000000840c00000, reserved size: 1073741824
Narrow klass base: 0x0000000800000000, Narrow klass shift: 0, Narrow klass range: 0x100000000

GC Precious Log:
 CPUs: 8 total, 8 available
 Memory: 16258M
 Large Page Support: Disabled
 NUMA Support: Disabled
 Compressed Oops: Enabled (Zero based)
 Heap Region Size: 2M
 Heap Min Capacity: 8M
 Heap Initial Capacity: 256M
 Heap Max Capacity: 4066M
 Pre-touch: Disabled
 Parallel Workers: 8
 Concurrent Workers: 2
 Concurrent Refinement Workers: 8
 Periodic GC: Disabled

Heap:
 garbage-first heap   total 262144K, used 38612K [0x0000000701e00000, 0x0000000800000000)
  region size 2048K, 19 young (38912K), 7 survivors (14336K)
 Metaspace       used 17334K, committed 17600K, reserved 1064960K
  class space    used 1865K, committed 1984K, reserved 1048576K

Heap Regions: E=young(eden), S=young(survivor), O=old, HS=humongous(starts), HC=humongous(continues), CS=collection set, F=free, OA=open archive, CA=closed archive, TAMS=top-at-mark-start (previous, next)
|   0|0x0000000701e00000, 0x0000000702000000, 0x0000000702000000|100%| O|  |TAMS 0x0000000701e00000, 0x0000000701e00000| Untracked 
|   1|0x0000000702000000, 0x0000000702160400, 0x0000000702200000| 68%| O|  |TAMS 0x0000000702000000, 0x0000000702000000| Untracked 
|   2|0x0000000702200000, 0x0000000702200000, 0x0000000702400000|  0%| F|  |TAMS 0x0000000702200000, 0x0000000702200000| Untracked 
|   3|0x0000000702400000, 0x0000000702400000, 0x0000000702600000|  0%| F|  |TAMS 0x0000000702400000, 0x0000000702400000| Untracked 
|   4|0x0000000702600000, 0x0000000702600000, 0x0000000702800000|  0%| F|  |TAMS 0x0000000702600000, 0x0000000702600000| Untracked 
|   5|0x0000000702800000, 0x0000000702800000, 0x0000000702a00000|  0%| F|  |TAMS 0x0000000702800000, 0x0000000702800000| Untracked 
|   6|0x0000000702a00000, 0x0000000702a00000, 0x0000000702c00000|  0%| F|  |TAMS 0x0000000702a00000, 0x0000000702a00000| Untracked 
|   7|0x0000000702c00000, 0x0000000702c00000, 0x0000000702e00000|  0%| F|  |TAMS 0x0000000702c00000, 0x0000000702c00000| Untracked 
|   8|0x0000000702e00000, 0x0000000702e00000, 0x0000000703000000|  0%| F|  |TAMS 0x0000000702e00000, 0x0000000702e00000| Untracked 
|   9|0x0000000703000000, 0x0000000703000000, 0x0000000703200000|  0%| F|  |TAMS 0x0000000703000000, 0x0000000703000000| Untracked 
|  10|0x0000000703200000, 0x0000000703200000, 0x0000000703400000|  0%| F|  |TAMS 0x0000000703200000, 0x0000000703200000| Untracked 
|  11|0x0000000703400000, 0x0000000703400000, 0x0000000703600000|  0%| F|  |TAMS 0x0000000703400000, 0x0000000703400000| Untracked 
|  12|0x0000000703600000, 0x0000000703600000, 0x0000000703800000|  0%| F|  |TAMS 0x0000000703600000, 0x0000000703600000| Untracked 
|  13|0x0000000703800000, 0x0000000703800000, 0x0000000703a00000|  0%| F|  |TAMS 0x0000000703800000, 0x0000000703800000| Untracked 
|  14|0x0000000703a00000, 0x0000000703a00000, 0x0000000703c00000|  0%| F|  |TAMS 0x0000000703a00000, 0x0000000703a00000| Untracked 
|  15|0x0000000703c00000, 0x0000000703c00000, 0x0000000703e00000|  0%| F|  |TAMS 0x0000000703c00000, 0x0000000703c00000| Untracked 
|  16|0x0000000703e00000, 0x0000000703e00000, 0x0000000704000000|  0%| F|  |TAMS 0x0000000703e00000, 0x0000000703e00000| Untracked 
|  17|0x0000000704000000, 0x0000000704000000, 0x0000000704200000|  0%| F|  |TAMS 0x0000000704000000, 0x0000000704000000| Untracked 
|  18|0x0000000704200000, 0x0000000704200000, 0x0000000704400000|  0%| F|  |TAMS 0x0000000704200000, 0x0000000704200000| Untracked 
|  19|0x0000000704400000, 0x0000000704400000, 0x0000000704600000|  0%| F|  |TAMS 0x0000000704400000, 0x0000000704400000| Untracked 
|  20|0x0000000704600000, 0x0000000704600000, 0x0000000704800000|  0%| F|  |TAMS 0x0000000704600000, 0x0000000704600000| Untracked 
|  21|0x0000000704800000, 0x0000000704800000, 0x0000000704a00000|  0%| F|  |TAMS 0x0000000704800000, 0x0000000704800000| Untracked 
|  22|0x0000000704a00000, 0x0000000704a00000, 0x0000000704c00000|  0%| F|  |TAMS 0x0000000704a00000, 0x0000000704a00000| Untracked 
|  23|0x0000000704c00000, 0x0000000704c00000, 0x0000000704e00000|  0%| F|  |TAMS 0x0000000704c00000, 0x0000000704c00000| Untracked 
|  24|0x0000000704e00000, 0x0000000704e00000, 0x0000000705000000|  0%| F|  |TAMS 0x0000000704e00000, 0x0000000704e00000| Untracked 
|  25|0x0000000705000000, 0x0000000705000000, 0x0000000705200000|  0%| F|  |TAMS 0x0000000705000000, 0x0000000705000000| Untracked 
|  26|0x0000000705200000, 0x0000000705200000, 0x0000000705400000|  0%| F|  |TAMS 0x0000000705200000, 0x0000000705200000| Untracked 
|  27|0x0000000705400000, 0x0000000705400000, 0x0000000705600000|  0%| F|  |TAMS 0x0000000705400000, 0x0000000705400000| Untracked 
|  28|0x0000000705600000, 0x0000000705600000, 0x0000000705800000|  0%| F|  |TAMS 0x0000000705600000, 0x0000000705600000| Untracked 
|  29|0x0000000705800000, 0x0000000705800000, 0x0000000705a00000|  0%| F|  |TAMS 0x0000000705800000, 0x0000000705800000| Untracked 
|  30|0x0000000705a00000, 0x0000000705a00000, 0x0000000705c00000|  0%| F|  |TAMS 0x0000000705a00000, 0x0000000705a00000| Untracked 
|  31|0x0000000705c00000, 0x0000000705c00000, 0x0000000705e00000|  0%| F|  |TAMS 0x0000000705c00000, 0x0000000705c00000| Untracked 
|  32|0x0000000705e00000, 0x0000000705e00000, 0x0000000706000000|  0%| F|  |TAMS 0x0000000705e00000, 0x0000000705e00000| Untracked 
|  33|0x0000000706000000, 0x0000000706000000, 0x0000000706200000|  0%| F|  |TAMS 0x0000000706000000, 0x0000000706000000| Untracked 
|  34|0x0000000706200000, 0x0000000706200000, 0x0000000706400000|  0%| F|  |TAMS 0x0000000706200000, 0x0000000706200000| Untracked 
|  35|0x0000000706400000, 0x0000000706400000, 0x0000000706600000|  0%| F|  |TAMS 0x0000000706400000, 0x0000000706400000| Untracked 
|  36|0x0000000706600000, 0x0000000706600000, 0x0000000706800000|  0%| F|  |TAMS 0x0000000706600000, 0x0000000706600000| Untracked 
|  37|0x0000000706800000, 0x0000000706800000, 0x0000000706a00000|  0%| F|  |TAMS 0x0000000706800000, 0x0000000706800000| Untracked 
|  38|0x0000000706a00000, 0x0000000706a00000, 0x0000000706c00000|  0%| F|  |TAMS 0x0000000706a00000, 0x0000000706a00000| Untracked 
|  39|0x0000000706c00000, 0x0000000706c00000, 0x0000000706e00000|  0%| F|  |TAMS 0x0000000706c00000, 0x0000000706c00000| Untracked 
|  40|0x0000000706e00000, 0x0000000706e00000, 0x0000000707000000|  0%| F|  |TAMS 0x0000000706e00000, 0x0000000706e00000| Untracked 
|  41|0x0000000707000000, 0x0000000707000000, 0x0000000707200000|  0%| F|  |TAMS 0x0000000707000000, 0x0000000707000000| Untracked 
|  42|0x0000000707200000, 0x0000000707200000, 0x0000000707400000|  0%| F|  |TAMS 0x0000000707200000, 0x0000000707200000| Untracked 
|  43|0x0000000707400000, 0x0000000707400000, 0x0000000707600000|  0%| F|  |TAMS 0x0000000707400000, 0x0000000707400000| Untracked 
|  44|0x0000000707600000, 0x0000000707600000, 0x0000000707800000|  0%| F|  |TAMS 0x0000000707600000, 0x0000000707600000| Untracked 
|  45|0x0000000707800000, 0x0000000707854da8, 0x0000000707a00000| 16%| S|CS|TAMS 0x0000000707800000, 0x0000000707800000| Complete 
|  46|0x0000000707a00000, 0x0000000707c00000, 0x0000000707c00000|100%| S|CS|TAMS 0x0000000707a00000, 0x0000000707a00000| Complete 
|  47|0x0000000707c00000, 0x0000000707e00000, 0x0000000707e00000|100%| S|CS|TAMS 0x0000000707c00000, 0x0000000707c00000| Complete 
|  48|0x0000000707e00000, 0x0000000708000000, 0x0000000708000000|100%| S|CS|TAMS 0x0000000707e00000, 0x0000000707e00000| Complete 
|  49|0x0000000708000000, 0x0000000708200000, 0x0000000708200000|100%| S|CS|TAMS 0x0000000708000000, 0x0000000708000000| Complete 
|  50|0x0000000708200000, 0x0000000708400000, 0x0000000708400000|100%| S|CS|TAMS 0x0000000708200000, 0x0000000708200000| Complete 
|  51|0x0000000708400000, 0x0000000708600000, 0x0000000708600000|100%| S|CS|TAMS 0x0000000708400000, 0x0000000708400000| Complete 
|  52|0x0000000708600000, 0x0000000708600000, 0x0000000708800000|  0%| F|  |TAMS 0x0000000708600000, 0x0000000708600000| Untracked 
|  53|0x0000000708800000, 0x0000000708800000, 0x0000000708a00000|  0%| F|  |TAMS 0x0000000708800000, 0x0000000708800000| Untracked 
|  54|0x0000000708a00000, 0x0000000708a00000, 0x0000000708c00000|  0%| F|  |TAMS 0x0000000708a00000, 0x0000000708a00000| Untracked 
|  55|0x0000000708c00000, 0x0000000708c00000, 0x0000000708e00000|  0%| F|  |TAMS 0x0000000708c00000, 0x0000000708c00000| Untracked 
|  56|0x0000000708e00000, 0x0000000708e00000, 0x0000000709000000|  0%| F|  |TAMS 0x0000000708e00000, 0x0000000708e00000| Untracked 
|  57|0x0000000709000000, 0x0000000709000000, 0x0000000709200000|  0%| F|  |TAMS 0x0000000709000000, 0x0000000709000000| Untracked 
|  58|0x0000000709200000, 0x0000000709200000, 0x0000000709400000|  0%| F|  |TAMS 0x0000000709200000, 0x0000000709200000| Untracked 
|  59|0x0000000709400000, 0x0000000709400000, 0x0000000709600000|  0%| F|  |TAMS 0x0000000709400000, 0x0000000709400000| Untracked 
|  60|0x0000000709600000, 0x0000000709600000, 0x0000000709800000|  0%| F|  |TAMS 0x0000000709600000, 0x0000000709600000| Untracked 
|  61|0x0000000709800000, 0x0000000709800000, 0x0000000709a00000|  0%| F|  |TAMS 0x0000000709800000, 0x0000000709800000| Untracked 
|  62|0x0000000709a00000, 0x0000000709a00000, 0x0000000709c00000|  0%| F|  |TAMS 0x0000000709a00000, 0x0000000709a00000| Untracked 
|  63|0x0000000709c00000, 0x0000000709c00000, 0x0000000709e00000|  0%| F|  |TAMS 0x0000000709c00000, 0x0000000709c00000| Untracked 
|  64|0x0000000709e00000, 0x0000000709e00000, 0x000000070a000000|  0%| F|  |TAMS 0x0000000709e00000, 0x0000000709e00000| Untracked 
|  65|0x000000070a000000, 0x000000070a000000, 0x000000070a200000|  0%| F|  |TAMS 0x000000070a000000, 0x000000070a000000| Untracked 
|  66|0x000000070a200000, 0x000000070a200000, 0x000000070a400000|  0%| F|  |TAMS 0x000000070a200000, 0x000000070a200000| Untracked 
|  67|0x000000070a400000, 0x000000070a400000, 0x000000070a600000|  0%| F|  |TAMS 0x000000070a400000, 0x000000070a400000| Untracked 
|  68|0x000000070a600000, 0x000000070a600000, 0x000000070a800000|  0%| F|  |TAMS 0x000000070a600000, 0x000000070a600000| Untracked 
|  69|0x000000070a800000, 0x000000070a800000, 0x000000070aa00000|  0%| F|  |TAMS 0x000000070a800000, 0x000000070a800000| Untracked 
|  70|0x000000070aa00000, 0x000000070aa00000, 0x000000070ac00000|  0%| F|  |TAMS 0x000000070aa00000, 0x000000070aa00000| Untracked 
|  71|0x000000070ac00000, 0x000000070ac00000, 0x000000070ae00000|  0%| F|  |TAMS 0x000000070ac00000, 0x000000070ac00000| Untracked 
|  72|0x000000070ae00000, 0x000000070ae00000, 0x000000070b000000|  0%| F|  |TAMS 0x000000070ae00000, 0x000000070ae00000| Untracked 
|  73|0x000000070b000000, 0x000000070b000000, 0x000000070b200000|  0%| F|  |TAMS 0x000000070b000000, 0x000000070b000000| Untracked 
|  74|0x000000070b200000, 0x000000070b200000, 0x000000070b400000|  0%| F|  |TAMS 0x000000070b200000, 0x000000070b200000| Untracked 
|  75|0x000000070b400000, 0x000000070b400000, 0x000000070b600000|  0%| F|  |TAMS 0x000000070b400000, 0x000000070b400000| Untracked 
|  76|0x000000070b600000, 0x000000070b600000, 0x000000070b800000|  0%| F|  |TAMS 0x000000070b600000, 0x000000070b600000| Untracked 
|  77|0x000000070b800000, 0x000000070b800000, 0x000000070ba00000|  0%| F|  |TAMS 0x000000070b800000, 0x000000070b800000| Untracked 
|  78|0x000000070ba00000, 0x000000070ba00000, 0x000000070bc00000|  0%| F|  |TAMS 0x000000070ba00000, 0x000000070ba00000| Untracked 
|  79|0x000000070bc00000, 0x000000070bc00000, 0x000000070be00000|  0%| F|  |TAMS 0x000000070bc00000, 0x000000070bc00000| Untracked 
|  80|0x000000070be00000, 0x000000070be00000, 0x000000070c000000|  0%| F|  |TAMS 0x000000070be00000, 0x000000070be00000| Untracked 
|  81|0x000000070c000000, 0x000000070c000000, 0x000000070c200000|  0%| F|  |TAMS 0x000000070c000000, 0x000000070c000000| Untracked 
|  82|0x000000070c200000, 0x000000070c200000, 0x000000070c400000|  0%| F|  |TAMS 0x000000070c200000, 0x000000070c200000| Untracked 
|  83|0x000000070c400000, 0x000000070c400000, 0x000000070c600000|  0%| F|  |TAMS 0x000000070c400000, 0x000000070c400000| Untracked 
|  84|0x000000070c600000, 0x000000070c600000, 0x000000070c800000|  0%| F|  |TAMS 0x000000070c600000, 0x000000070c600000| Untracked 
|  85|0x000000070c800000, 0x000000070c800000, 0x000000070ca00000|  0%| F|  |TAMS 0x000000070c800000, 0x000000070c800000| Untracked 
|  86|0x000000070ca00000, 0x000000070ca00000, 0x000000070cc00000|  0%| F|  |TAMS 0x000000070ca00000, 0x000000070ca00000| Untracked 
|  87|0x000000070cc00000, 0x000000070cc00000, 0x000000070ce00000|  0%| F|  |TAMS 0x000000070cc00000, 0x000000070cc00000| Untracked 
|  88|0x000000070ce00000, 0x000000070ce00000, 0x000000070d000000|  0%| F|  |TAMS 0x000000070ce00000, 0x000000070ce00000| Untracked 
|  89|0x000000070d000000, 0x000000070d000000, 0x000000070d200000|  0%| F|  |TAMS 0x000000070d000000, 0x000000070d000000| Untracked 
|  90|0x000000070d200000, 0x000000070d200000, 0x000000070d400000|  0%| F|  |TAMS 0x000000070d200000, 0x000000070d200000| Untracked 
|  91|0x000000070d400000, 0x000000070d400000, 0x000000070d600000|  0%| F|  |TAMS 0x000000070d400000, 0x000000070d400000| Untracked 
|  92|0x000000070d600000, 0x000000070d600000, 0x000000070d800000|  0%| F|  |TAMS 0x000000070d600000, 0x000000070d600000| Untracked 
|  93|0x000000070d800000, 0x000000070d800000, 0x000000070da00000|  0%| F|  |TAMS 0x000000070d800000, 0x000000070d800000| Untracked 
|  94|0x000000070da00000, 0x000000070da00000, 0x000000070dc00000|  0%| F|  |TAMS 0x000000070da00000, 0x000000070da00000| Untracked 
|  95|0x000000070dc00000, 0x000000070dc00000, 0x000000070de00000|  0%| F|  |TAMS 0x000000070dc00000, 0x000000070dc00000| Untracked 
|  96|0x000000070de00000, 0x000000070de00000, 0x000000070e000000|  0%| F|  |TAMS 0x000000070de00000, 0x000000070de00000| Untracked 
|  97|0x000000070e000000, 0x000000070e000000, 0x000000070e200000|  0%| F|  |TAMS 0x000000070e000000, 0x000000070e000000| Untracked 
|  98|0x000000070e200000, 0x000000070e200000, 0x000000070e400000|  0%| F|  |TAMS 0x000000070e200000, 0x000000070e200000| Untracked 
|  99|0x000000070e400000, 0x000000070e400000, 0x000000070e600000|  0%| F|  |TAMS 0x000000070e400000, 0x000000070e400000| Untracked 
| 100|0x000000070e600000, 0x000000070e600000, 0x000000070e800000|  0%| F|  |TAMS 0x000000070e600000, 0x000000070e600000| Untracked 
| 101|0x000000070e800000, 0x000000070e800000, 0x000000070ea00000|  0%| F|  |TAMS 0x000000070e800000, 0x000000070e800000| Untracked 
| 102|0x000000070ea00000, 0x000000070ea00000, 0x000000070ec00000|  0%| F|  |TAMS 0x000000070ea00000, 0x000000070ea00000| Untracked 
| 103|0x000000070ec00000, 0x000000070ec00000, 0x000000070ee00000|  0%| F|  |TAMS 0x000000070ec00000, 0x000000070ec00000| Untracked 
| 104|0x000000070ee00000, 0x000000070ee00000, 0x000000070f000000|  0%| F|  |TAMS 0x000000070ee00000, 0x000000070ee00000| Untracked 
| 105|0x000000070f000000, 0x000000070f000000, 0x000000070f200000|  0%| F|  |TAMS 0x000000070f000000, 0x000000070f000000| Untracked 
| 106|0x000000070f200000, 0x000000070f200000, 0x000000070f400000|  0%| F|  |TAMS 0x000000070f200000, 0x000000070f200000| Untracked 
| 107|0x000000070f400000, 0x000000070f400000, 0x000000070f600000|  0%| F|  |TAMS 0x000000070f400000, 0x000000070f400000| Untracked 
| 108|0x000000070f600000, 0x000000070f600000, 0x000000070f800000|  0%| F|  |TAMS 0x000000070f600000, 0x000000070f600000| Untracked 
| 109|0x000000070f800000, 0x000000070f800000, 0x000000070fa00000|  0%| F|  |TAMS 0x000000070f800000, 0x000000070f800000| Untracked 
| 110|0x000000070fa00000, 0x000000070fa00000, 0x000000070fc00000|  0%| F|  |TAMS 0x000000070fa00000, 0x000000070fa00000| Untracked 
| 111|0x000000070fc00000, 0x000000070fc00000, 0x000000070fe00000|  0%| F|  |TAMS 0x000000070fc00000, 0x000000070fc00000| Untracked 
| 112|0x000000070fe00000, 0x000000070fe00000, 0x0000000710000000|  0%| F|  |TAMS 0x000000070fe00000, 0x000000070fe00000| Untracked 
| 113|0x0000000710000000, 0x0000000710000000, 0x0000000710200000|  0%| F|  |TAMS 0x0000000710000000, 0x0000000710000000| Untracked 
| 114|0x0000000710200000, 0x0000000710200000, 0x0000000710400000|  0%| F|  |TAMS 0x0000000710200000, 0x0000000710200000| Untracked 
| 115|0x0000000710400000, 0x0000000710400000, 0x0000000710600000|  0%| F|  |TAMS 0x0000000710400000, 0x0000000710400000| Untracked 
| 116|0x0000000710600000, 0x0000000710800000, 0x0000000710800000|100%| E|  |TAMS 0x0000000710600000, 0x0000000710600000| Complete 
| 117|0x0000000710800000, 0x0000000710a00000, 0x0000000710a00000|100%| E|CS|TAMS 0x0000000710800000, 0x0000000710800000| Complete 
| 118|0x0000000710a00000, 0x0000000710c00000, 0x0000000710c00000|100%| E|CS|TAMS 0x0000000710a00000, 0x0000000710a00000| Complete 
| 119|0x0000000710c00000, 0x0000000710e00000, 0x0000000710e00000|100%| E|CS|TAMS 0x0000000710c00000, 0x0000000710c00000| Complete 
| 120|0x0000000710e00000, 0x0000000711000000, 0x0000000711000000|100%| E|CS|TAMS 0x0000000710e00000, 0x0000000710e00000| Complete 
| 121|0x0000000711000000, 0x0000000711200000, 0x0000000711200000|100%| E|CS|TAMS 0x0000000711000000, 0x0000000711000000| Complete 
| 122|0x0000000711200000, 0x0000000711400000, 0x0000000711400000|100%| E|CS|TAMS 0x0000000711200000, 0x0000000711200000| Complete 
| 123|0x0000000711400000, 0x0000000711600000, 0x0000000711600000|100%| E|CS|TAMS 0x0000000711400000, 0x0000000711400000| Complete 
| 124|0x0000000711600000, 0x0000000711800000, 0x0000000711800000|100%| E|CS|TAMS 0x0000000711600000, 0x0000000711600000| Complete 
| 125|0x0000000711800000, 0x0000000711a00000, 0x0000000711a00000|100%| E|CS|TAMS 0x0000000711800000, 0x0000000711800000| Complete 
| 126|0x0000000711a00000, 0x0000000711c00000, 0x0000000711c00000|100%| E|CS|TAMS 0x0000000711a00000, 0x0000000711a00000| Complete 
| 127|0x0000000711c00000, 0x0000000711e00000, 0x0000000711e00000|100%| E|CS|TAMS 0x0000000711c00000, 0x0000000711c00000| Complete 

Card table byte_map: [0x000002126ff20000,0x0000021270720000] _byte_map_base: 0x000002126c711000

Marking Bits (Prev, Next): (CMBitMap*) 0x0000021256a52dd0, (CMBitMap*) 0x0000021256a52e10
 Prev Bits: [0x0000021270f20000, 0x0000021274ea8000)
 Next Bits: [0x0000021274eb0000, 0x0000021278e38000)

Polling page: 0x0000021256ae0000

Metaspace:

Usage:
  Non-class:     15.11 MB used.
      Class:      1.82 MB used.
       Both:     16.93 MB used.

Virtual space:
  Non-class space:       16.00 MB reserved,      15.25 MB ( 95%) committed,  2 nodes.
      Class space:        1.00 GB reserved,       1.94 MB ( <1%) committed,  1 nodes.
             Both:        1.02 GB reserved,      17.19 MB (  2%) committed. 

Chunk freelists:
   Non-Class:  334.00 KB
       Class:  1.95 MB
        Both:  2.28 MB

MaxMetaspaceSize: unlimited
CompressedClassSpaceSize: 1.00 GB
Initial GC threshold: 21.00 MB
Current GC threshold: 21.00 MB
CDS: on
MetaspaceReclaimPolicy: balanced
 - commit_granule_bytes: 65536.
 - commit_granule_words: 8192.
 - virtual_space_node_default_size: 1048576.
 - enlarge_chunks_in_place: 1.
 - new_chunks_are_fully_committed: 0.
 - uncommit_free_chunks: 1.
 - use_allocation_guard: 0.
 - handle_deallocations: 1.


Internal statistics:

num_allocs_failed_limit: 0.
num_arena_births: 136.
num_arena_deaths: 0.
num_vsnodes_births: 3.
num_vsnodes_deaths: 0.
num_space_committed: 275.
num_space_uncommitted: 0.
num_chunks_returned_to_freelist: 0.
num_chunks_taken_from_freelist: 678.
num_chunk_merges: 0.
num_chunk_splits: 468.
num_chunks_enlarged: 363.
num_purges: 0.
num_inconsistent_stats: 0.

CodeHeap 'non-profiled nmethods': size=120000Kb used=2455Kb max_used=2455Kb free=117544Kb
 bounds [0x0000021267790000, 0x0000021267a00000, 0x000002126ecc0000]
CodeHeap 'profiled nmethods': size=120000Kb used=9383Kb max_used=9383Kb free=110616Kb
 bounds [0x0000021260260000, 0x0000021260b90000, 0x0000021267790000]
CodeHeap 'non-nmethods': size=5760Kb used=1185Kb max_used=1269Kb free=4574Kb
 bounds [0x000002125fcc0000, 0x000002125ff30000, 0x0000021260260000]
 total_blobs=4812 nmethods=4332 adapters=392
 compilation: enabled
              stopped_count=0, restarted_count=0
 full_count=0

Compilation events (20 events):
Event: 4.111 Thread 0x000002127b91f4a0 nmethod 4319 0x0000021260b76410 code [0x0000021260b765c0, 0x0000021260b767a8]
Event: 4.111 Thread 0x000002127b91f4a0 4321       3       jdk.internal.reflect.UnsafeFieldAccessorImpl::ensureObj (23 bytes)
Event: 4.111 Thread 0x000002127b91f4a0 nmethod 4321 0x0000021260b76890 code [0x0000021260b76a80, 0x0000021260b76f88]
Event: 4.111 Thread 0x000002127b91f4a0 4320       3       org.eclipse.sisu.inject.MildKeys$Weak::equals (40 bytes)
Event: 4.111 Thread 0x000002127b91f4a0 nmethod 4320 0x0000021260b77190 code [0x0000021260b77360, 0x0000021260b77968]
Event: 4.111 Thread 0x000002127b91f4a0 4322       3       java.lang.reflect.Field::set (30 bytes)
Event: 4.112 Thread 0x000002127b91f4a0 nmethod 4322 0x0000021260b77a90 code [0x0000021260b77c60, 0x0000021260b78038]
Event: 4.149 Thread 0x000002127b91f4a0 4323       3       java.io.BufferedReader::ensureOpen (18 bytes)
Event: 4.150 Thread 0x000002127b91f4a0 nmethod 4323 0x0000021260b78190 code [0x0000021260b78340, 0x0000021260b78548]
Event: 4.150 Thread 0x000002127b91f4a0 4324       3       org.apache.maven.shared.filtering.BoundedReader::read (31 bytes)
Event: 4.150 Thread 0x000002127b91f4a0 nmethod 4324 0x0000021260b78610 code [0x0000021260b787c0, 0x0000021260b78a08]
Event: 4.150 Thread 0x000002127b91f4a0 4325   !   3       java.io.BufferedReader::read (104 bytes)
Event: 4.151 Thread 0x000002127b91f4a0 nmethod 4325 0x0000021260b78b10 code [0x0000021260b78d00, 0x0000021260b792d8]
Event: 4.151 Thread 0x000002127b91f4a0 4326       3       java.lang.Math::min (12 bytes)
Event: 4.151 Thread 0x000002127b91f4a0 nmethod 4326 0x0000021260b79610 code [0x0000021260b797a0, 0x0000021260b798d8]
Event: 4.151 Thread 0x000002127b91f4a0 4328       3       org.apache.maven.shared.filtering.BoundedReader::reset (13 bytes)
Event: 4.151 Thread 0x000002127b91f4a0 nmethod 4328 0x0000021260b79990 code [0x0000021260b79b40, 0x0000021260b79d28]
Event: 4.151 Thread 0x000002127b91f4a0 4329   !   3       java.io.BufferedReader::reset (69 bytes)
Event: 4.151 Thread 0x000002127b91f4a0 nmethod 4329 0x0000021260b79e10 code [0x0000021260b7a000, 0x0000021260b7a4f8]
Event: 4.151 Thread 0x000002127b91f4a0 4330   !   3       org.apache.maven.shared.filtering.MultiDelimiterInterpolatorFilterReaderLineEnding::read (762 bytes)

GC Heap History (6 events):
Event: 0.565 GC heap before
{Heap before GC invocations=0 (full 0):
 garbage-first heap   total 262144K, used 22528K [0x0000000701e00000, 0x0000000800000000)
  region size 2048K, 11 young (22528K), 0 survivors (0K)
 Metaspace       used 5015K, committed 5184K, reserved 1056768K
  class space    used 586K, committed 640K, reserved 1048576K
}
Event: 0.569 GC heap after
{Heap after GC invocations=1 (full 0):
 garbage-first heap   total 262144K, used 3877K [0x0000000701e00000, 0x0000000800000000)
  region size 2048K, 2 young (4096K), 2 survivors (4096K)
 Metaspace       used 5015K, committed 5184K, reserved 1056768K
  class space    used 586K, committed 640K, reserved 1048576K
}
Event: 1.090 GC heap before
{Heap before GC invocations=1 (full 0):
 garbage-first heap   total 262144K, used 34597K [0x0000000701e00000, 0x0000000800000000)
  region size 2048K, 17 young (34816K), 2 survivors (4096K)
 Metaspace       used 9662K, committed 9792K, reserved 1064960K
  class space    used 1189K, committed 1280K, reserved 1048576K
}
Event: 1.095 GC heap after
{Heap after GC invocations=2 (full 0):
 garbage-first heap   total 262144K, used 5596K [0x0000000701e00000, 0x0000000800000000)
  region size 2048K, 2 young (4096K), 2 survivors (4096K)
 Metaspace       used 9662K, committed 9792K, reserved 1064960K
  class space    used 1189K, committed 1280K, reserved 1048576K
}
Event: 3.858 GC heap before
{Heap before GC invocations=2 (full 0):
 garbage-first heap   total 262144K, used 157148K [0x0000000701e00000, 0x0000000800000000)
  region size 2048K, 76 young (155648K), 2 survivors (4096K)
 Metaspace       used 16565K, committed 16832K, reserved 1064960K
  class space    used 1806K, committed 1920K, reserved 1048576K
}
Event: 3.867 GC heap after
{Heap after GC invocations=3 (full 0):
 garbage-first heap   total 262144K, used 16084K [0x0000000701e00000, 0x0000000800000000)
  region size 2048K, 7 young (14336K), 7 survivors (14336K)
 Metaspace       used 16565K, committed 16832K, reserved 1064960K
  class space    used 1806K, committed 1920K, reserved 1048576K
}

Deoptimization events (20 events):
Event: 4.002 Thread 0x0000021256a03570 DEOPT PACKING pc=0x00000212679dc600 sp=0x00000084443fc830
Event: 4.002 Thread 0x0000021256a03570 DEOPT UNPACKING pc=0x000002125fd123a3 sp=0x00000084443fc7d0 mode 2
Event: 4.002 Thread 0x0000021256a03570 Uncommon trap: trap_request=0xffffffbe fr.pc=0x00000212679dc600 relative=0x0000000000000260
Event: 4.002 Thread 0x0000021256a03570 Uncommon trap: reason=profile_predicate action=maybe_recompile pc=0x00000212679dc600 method=java.util.HashMap.keysToArray([Ljava/lang/Object;)[Ljava/lang/Object; @ 36 c2
Event: 4.002 Thread 0x0000021256a03570 DEOPT PACKING pc=0x00000212679dc600 sp=0x00000084443fc830
Event: 4.002 Thread 0x0000021256a03570 DEOPT UNPACKING pc=0x000002125fd123a3 sp=0x00000084443fc7d0 mode 2
Event: 4.010 Thread 0x0000021256a03570 Uncommon trap: trap_request=0xffffff45 fr.pc=0x000002126799ec40 relative=0x00000000000043c0
Event: 4.010 Thread 0x0000021256a03570 Uncommon trap: reason=unstable_if action=reinterpret pc=0x000002126799ec40 method=java.util.IdentityHashMap.closeDeletion(I)V @ 22 c2
Event: 4.010 Thread 0x0000021256a03570 DEOPT PACKING pc=0x000002126799ec40 sp=0x00000084443fd550
Event: 4.010 Thread 0x0000021256a03570 DEOPT UNPACKING pc=0x000002125fd123a3 sp=0x00000084443fd320 mode 2
Event: 4.020 Thread 0x0000021256a03570 DEOPT PACKING pc=0x0000021260ad36ff sp=0x00000084443fcf80
Event: 4.020 Thread 0x0000021256a03570 DEOPT UNPACKING pc=0x000002125fd12b43 sp=0x00000084443fc420 mode 0
Event: 4.107 Thread 0x0000021256a03570 Uncommon trap: trap_request=0xffffff76 fr.pc=0x00000212679e3b60 relative=0x0000000000000240
Event: 4.107 Thread 0x0000021256a03570 Uncommon trap: reason=predicate action=maybe_recompile pc=0x00000212679e3b60 method=java.util.HashMap.keysToArray([Ljava/lang/Object;)[Ljava/lang/Object; @ 48 c2
Event: 4.107 Thread 0x0000021256a03570 DEOPT PACKING pc=0x00000212679e3b60 sp=0x00000084443fdaa0
Event: 4.107 Thread 0x0000021256a03570 DEOPT UNPACKING pc=0x000002125fd123a3 sp=0x00000084443fda38 mode 2
Event: 4.149 Thread 0x0000021256a03570 Uncommon trap: trap_request=0xffffffc6 fr.pc=0x00000212677f87a8 relative=0x0000000000000368
Event: 4.149 Thread 0x0000021256a03570 Uncommon trap: reason=bimorphic_or_optimized_type_check action=maybe_recompile pc=0x00000212677f87a8 method=java.nio.Buffer.<init>(IIIILjdk/internal/access/foreign/MemorySegmentProxy;)V @ 39 c2
Event: 4.149 Thread 0x0000021256a03570 DEOPT PACKING pc=0x00000212677f87a8 sp=0x00000084443fcbc0
Event: 4.149 Thread 0x0000021256a03570 DEOPT UNPACKING pc=0x000002125fd123a3 sp=0x00000084443fcb68 mode 2

Classes unloaded (0 events):
No events

Classes redefined (0 events):
No events

Internal exceptions (20 events):
Event: 1.152 Thread 0x0000021256a03570 Exception <a 'java/lang/NoClassDefFoundError'{0x0000000711b00310}: com/google/inject/servlet/ServletModuleTargetVisitor> (0x0000000711b00310) 
thrown [c:\jenkins\workspace\zulu17-build-win64\zulu-src.git\src\hotspot\share\classfile\systemDictionary.cpp, line 245]
Event: 1.213 Thread 0x0000021256a03570 Exception <a 'java/lang/NoSuchMethodError'{0x000000071164a5b8}: 'java.lang.Object java.lang.invoke.DirectMethodHandle$Holder.invokeStaticInit(java.lang.Object, int, int, int, int)'> (0x000000071164a5b8) 
thrown [c:\jenkins\workspace\zulu17-build-win64\zulu-src.git\src\hotspot\share\interpreter\linkResolver.cpp, line 766]
Event: 1.305 Thread 0x0000021256a03570 Implicit null exception at 0x00000212677d5072 to 0x00000212677d56cc
Event: 1.306 Thread 0x0000021256a03570 Implicit null exception at 0x00000212677c1772 to 0x00000212677c1dec
Event: 2.629 Thread 0x0000021256a03570 Implicit null exception at 0x000002126782906f to 0x0000021267829448
Event: 2.629 Thread 0x0000021256a03570 Implicit null exception at 0x000002126782cc6f to 0x000002126782d030
Event: 2.629 Thread 0x0000021256a03570 Implicit null exception at 0x00000212677d4a0f to 0x00000212677d4a89
Event: 2.777 Thread 0x0000021256a03570 Exception <a 'java/lang/NoSuchMethodError'{0x000000070a7fe340}: 'void java.lang.invoke.DirectMethodHandle$Holder.invokeInterface(java.lang.Object, java.lang.Object, java.lang.Object)'> (0x000000070a7fe340) 
thrown [c:\jenkins\workspace\zulu17-build-win64\zulu-src.git\src\hotspot\share\interpreter\linkResolver.cpp, line 766]
Event: 3.012 Thread 0x0000021256a03570 Exception <a 'java/lang/NoSuchMethodError'{0x0000000709af2980}: 'java.lang.Object java.lang.invoke.DirectMethodHandle$Holder.invokeStaticInit(java.lang.Object, java.lang.Object, int, int, int, int)'> (0x0000000709af2980) 
thrown [c:\jenkins\workspace\zulu17-build-win64\zulu-src.git\src\hotspot\share\interpreter\linkResolver.cpp, line 766]
Event: 3.017 Thread 0x0000021256a03570 Exception <a 'java/io/FileNotFoundException'{0x0000000709afcfe8}> (0x0000000709afcfe8) 
thrown [c:\jenkins\workspace\zulu17-build-win64\zulu-src.git\src\hotspot\share\prims\jni.cpp, line 516]
Event: 3.046 Thread 0x0000021256a03570 Exception <a 'java/io/FileNotFoundException'{0x0000000709b77058}> (0x0000000709b77058) 
thrown [c:\jenkins\workspace\zulu17-build-win64\zulu-src.git\src\hotspot\share\prims\jni.cpp, line 516]
Event: 3.162 Thread 0x0000021256a03570 Exception <a 'java/lang/NoSuchMethodError'{0x0000000709bbe5e0}: 'void java.lang.invoke.DirectMethodHandle$Holder.invokeStatic(java.lang.Object, long)'> (0x0000000709bbe5e0) 
thrown [c:\jenkins\workspace\zulu17-build-win64\zulu-src.git\src\hotspot\share\interpreter\linkResolver.cpp, line 766]
Event: 3.166 Thread 0x0000021256a03570 Exception <a 'java/lang/NoSuchMethodError'{0x0000000709bc3d38}: 'java.lang.Object java.lang.invoke.DirectMethodHandle$Holder.newInvokeSpecial(java.lang.Object, long)'> (0x0000000709bc3d38) 
thrown [c:\jenkins\workspace\zulu17-build-win64\zulu-src.git\src\hotspot\share\interpreter\linkResolver.cpp, line 766]
Event: 3.173 Thread 0x0000021256a03570 Exception <a 'java/lang/NoSuchMethodError'{0x0000000709bce5e0}: 'java.lang.Object java.lang.invoke.DirectMethodHandle$Holder.invokeStaticInit(java.lang.Object, java.lang.Object, long, java.lang.Object)'> (0x0000000709bce5e0) 
thrown [c:\jenkins\workspace\zulu17-build-win64\zulu-src.git\src\hotspot\share\interpreter\linkResolver.cpp, line 766]
Event: 3.177 Thread 0x0000021256a03570 Exception <a 'java/lang/NoSuchMethodError'{0x0000000709bd4c18}: 'java.lang.Object java.lang.invoke.DirectMethodHandle$Holder.newInvokeSpecial(java.lang.Object, java.lang.Object, long)'> (0x0000000709bd4c18) 
thrown [c:\jenkins\workspace\zulu17-build-win64\zulu-src.git\src\hotspot\share\interpreter\linkResolver.cpp, line 766]
Event: 3.178 Thread 0x0000021256a03570 Exception <a 'java/lang/NoSuchMethodError'{0x0000000709bd8788}: 'java.lang.Object java.lang.invoke.Invokers$Holder.linkToTargetMethod(java.lang.Object, long, java.lang.Object)'> (0x0000000709bd8788) 
thrown [c:\jenkins\workspace\zulu17-build-win64\zulu-src.git\src\hotspot\share\interpreter\linkResolver.cpp, line 766]
Event: 3.869 Thread 0x0000021256a03570 Implicit null exception at 0x000002126798dbcb to 0x000002126799310c
Event: 3.869 Thread 0x0000021256a03570 Implicit null exception at 0x000002126796de8b to 0x0000021267971e34
Event: 3.880 Thread 0x0000021256a03570 Implicit null exception at 0x00000212679757a0 to 0x000002126797a62c
Event: 3.907 Thread 0x0000021256a03570 Implicit null exception at 0x00000212679883a0 to 0x000002126798917c

VM Operations (20 events):
Event: 1.809 Executing VM operation: HandshakeAllThreads
Event: 1.809 Executing VM operation: HandshakeAllThreads done
Event: 1.954 Executing VM operation: ICBufferFull
Event: 1.954 Executing VM operation: ICBufferFull done
Event: 2.061 Executing VM operation: HandshakeAllThreads
Event: 2.061 Executing VM operation: HandshakeAllThreads done
Event: 2.398 Executing VM operation: ICBufferFull
Event: 2.398 Executing VM operation: ICBufferFull done
Event: 2.760 Executing VM operation: HandshakeAllThreads
Event: 2.760 Executing VM operation: HandshakeAllThreads done
Event: 2.837 Executing VM operation: ICBufferFull
Event: 2.837 Executing VM operation: ICBufferFull done
Event: 3.004 Executing VM operation: HandshakeAllThreads
Event: 3.004 Executing VM operation: HandshakeAllThreads done
Event: 3.039 Executing VM operation: HandshakeAllThreads
Event: 3.039 Executing VM operation: HandshakeAllThreads done
Event: 3.182 Executing VM operation: HandshakeAllThreads
Event: 3.182 Executing VM operation: HandshakeAllThreads done
Event: 3.858 Executing VM operation: G1CollectForAllocation
Event: 3.867 Executing VM operation: G1CollectForAllocation done

Events (20 events):
Event: 4.136 loading class sun/nio/ch/NativeThreadSet
Event: 4.136 loading class sun/nio/ch/NativeThreadSet done
Event: 4.136 loading class sun/nio/ch/FileDispatcherImpl
Event: 4.136 loading class sun/nio/ch/FileDispatcher
Event: 4.136 loading class sun/nio/ch/FileDispatcher done
Event: 4.136 loading class sun/nio/ch/FileDispatcherImpl done
Event: 4.137 loading class sun/nio/ch/FileChannelImpl$Closer
Event: 4.137 loading class sun/nio/ch/FileChannelImpl$Closer done
Event: 4.137 loading class java/nio/channels/Channels
Event: 4.137 loading class java/nio/channels/Channels done
Event: 4.137 loading class sun/nio/ch/ChannelInputStream
Event: 4.137 loading class sun/nio/ch/ChannelInputStream done
Event: 4.146 loading class sun/nio/fs/WindowsChannelFactory$2
Event: 4.146 loading class sun/nio/fs/WindowsChannelFactory$2 done
Event: 4.147 loading class java/nio/channels/Channels$1
Event: 4.147 loading class java/nio/channels/Channels$1 done
Event: 4.148 loading class java/nio/channels/SelectableChannel
Event: 4.149 loading class java/nio/channels/SelectableChannel done
Event: 4.149 loading class sun/nio/ch/IOStatus
Event: 4.149 loading class sun/nio/ch/IOStatus done


Dynamic libraries:
0x00007ff611b30000 - 0x00007ff611b3e000 	C:\Program Files\Java\zulu17.32.13-ca-jdk17.0.2-win_x64\bin\java.exe
0x00007fffa5550000 - 0x00007fffa5748000 	C:\WINDOWS\SYSTEM32\ntdll.dll
0x00007fffa3c10000 - 0x00007fffa3ccf000 	C:\WINDOWS\System32\KERNEL32.DLL
0x00007fffa32c0000 - 0x00007fffa3592000 	C:\WINDOWS\System32\KERNELBASE.dll
0x00007fffa2c50000 - 0x00007fffa2d50000 	C:\WINDOWS\System32\ucrtbase.dll
0x00007fff9a920000 - 0x00007fff9a93b000 	C:\Program Files\Java\zulu17.32.13-ca-jdk17.0.2-win_x64\bin\VCRUNTIME140.dll
0x00007fff9a900000 - 0x00007fff9a918000 	C:\Program Files\Java\zulu17.32.13-ca-jdk17.0.2-win_x64\bin\jli.dll
0x00007fffa35a0000 - 0x00007fffa373d000 	C:\WINDOWS\System32\USER32.dll
0x00007fff8adc0000 - 0x00007fff8b05a000 	C:\WINDOWS\WinSxS\amd64_microsoft.windows.common-controls_6595b64144ccf1df_6.0.19041.1110_none_60b5254171f9507e\COMCTL32.dll
0x00007fffa52b0000 - 0x00007fffa534e000 	C:\WINDOWS\System32\msvcrt.dll
0x00007fffa2d50000 - 0x00007fffa2d72000 	C:\WINDOWS\System32\win32u.dll
0x00007fffa40b0000 - 0x00007fffa40db000 	C:\WINDOWS\System32\GDI32.dll
0x00007fffa3050000 - 0x00007fffa315f000 	C:\WINDOWS\System32\gdi32full.dll
0x00007fffa2e80000 - 0x00007fffa2f1d000 	C:\WINDOWS\System32\msvcp_win.dll
0x00007fffa5350000 - 0x00007fffa5382000 	C:\WINDOWS\System32\IMM32.DLL
0x00007fff9bd60000 - 0x00007fff9bd6c000 	C:\Program Files\Java\zulu17.32.13-ca-jdk17.0.2-win_x64\bin\vcruntime140_1.dll
0x00007fff88910000 - 0x00007fff8899d000 	C:\Program Files\Java\zulu17.32.13-ca-jdk17.0.2-win_x64\bin\msvcp140.dll
0x00007fff5bbb0000 - 0x00007fff5c810000 	C:\Program Files\Java\zulu17.32.13-ca-jdk17.0.2-win_x64\bin\server\jvm.dll
0x00007fffa5390000 - 0x00007fffa543e000 	C:\WINDOWS\System32\ADVAPI32.dll
0x00007fffa3b00000 - 0x00007fffa3b9c000 	C:\WINDOWS\System32\sechost.dll
0x00007fffa4a20000 - 0x00007fffa4b45000 	C:\WINDOWS\System32\RPCRT4.dll
0x00007fffa40a0000 - 0x00007fffa40a8000 	C:\WINDOWS\System32\PSAPI.DLL
0x00007fff8b060000 - 0x00007fff8b087000 	C:\WINDOWS\SYSTEM32\WINMM.dll
0x00007fff837e0000 - 0x00007fff837e9000 	C:\WINDOWS\SYSTEM32\WSOCK32.dll
0x00007fff98940000 - 0x00007fff9894a000 	C:\WINDOWS\SYSTEM32\VERSION.dll
0x00007fffa3fa0000 - 0x00007fffa400b000 	C:\WINDOWS\System32\WS2_32.dll
0x00007fffa1460000 - 0x00007fffa1472000 	C:\WINDOWS\SYSTEM32\kernel.appcore.dll
0x00007fff9bd30000 - 0x00007fff9bd3a000 	C:\Program Files\Java\zulu17.32.13-ca-jdk17.0.2-win_x64\bin\jimage.dll
0x00007fffa0950000 - 0x00007fffa0b34000 	C:\WINDOWS\SYSTEM32\DBGHELP.DLL
0x00007fff83c50000 - 0x00007fff83c7c000 	C:\WINDOWS\SYSTEM32\dbgcore.DLL
0x00007fffa2f50000 - 0x00007fffa2fd2000 	C:\WINDOWS\System32\bcryptPrimitives.dll
0x00007fff9bba0000 - 0x00007fff9bbae000 	C:\Program Files\Java\zulu17.32.13-ca-jdk17.0.2-win_x64\bin\instrument.dll
0x00007fff99020000 - 0x00007fff99045000 	C:\Program Files\Java\zulu17.32.13-ca-jdk17.0.2-win_x64\bin\java.dll
0x00007fff723e0000 - 0x00007fff724b7000 	C:\Program Files\Java\zulu17.32.13-ca-jdk17.0.2-win_x64\bin\jsvml.dll
0x00007fffa40f0000 - 0x00007fffa4833000 	C:\WINDOWS\System32\SHELL32.dll
0x00007fffa0cb0000 - 0x00007fffa1442000 	C:\WINDOWS\SYSTEM32\windows.storage.dll
0x00007fffa3740000 - 0x00007fffa3a94000 	C:\WINDOWS\System32\combase.dll
0x00007fffa26b0000 - 0x00007fffa26e0000 	C:\WINDOWS\SYSTEM32\Wldp.dll
0x00007fffa50f0000 - 0x00007fffa519d000 	C:\WINDOWS\System32\SHCORE.dll
0x00007fffa3ba0000 - 0x00007fffa3bf5000 	C:\WINDOWS\System32\shlwapi.dll
0x00007fffa2b90000 - 0x00007fffa2baf000 	C:\WINDOWS\SYSTEM32\profapi.dll
0x00007fff984b0000 - 0x00007fff984c8000 	C:\Program Files\Java\zulu17.32.13-ca-jdk17.0.2-win_x64\bin\zip.dll
0x00007fff9a8e0000 - 0x00007fff9a8f9000 	C:\Program Files\Java\zulu17.32.13-ca-jdk17.0.2-win_x64\bin\net.dll
0x00007fff9d510000 - 0x00007fff9d61c000 	C:\WINDOWS\SYSTEM32\WINHTTP.dll
0x00007fffa2410000 - 0x00007fffa247a000 	C:\WINDOWS\system32\mswsock.dll
0x00007fff9a240000 - 0x00007fff9a256000 	C:\Program Files\Java\zulu17.32.13-ca-jdk17.0.2-win_x64\bin\nio.dll
0x00007fff9b510000 - 0x00007fff9b52a000 	C:\Program Files\JetBrains\IntelliJ IDEA 2022.1.1\bin\breakgen64.dll
0x0000000069ac0000 - 0x0000000069ae4000 	C:\Users\42194\AppData\Local\Temp\jansi-2.4.0-fd164a048bc1c202-jansi.dll
0x00007fff9b4f0000 - 0x00007fff9b500000 	C:\Program Files\Java\zulu17.32.13-ca-jdk17.0.2-win_x64\bin\verify.dll
0x00007fffa2600000 - 0x00007fffa2618000 	C:\WINDOWS\SYSTEM32\CRYPTSP.dll
0x00007fffa1c80000 - 0x00007fffa1cb4000 	C:\WINDOWS\system32\rsaenh.dll
0x00007fffa2f20000 - 0x00007fffa2f47000 	C:\WINDOWS\System32\bcrypt.dll
0x00007fffa2b50000 - 0x00007fffa2b7e000 	C:\WINDOWS\SYSTEM32\USERENV.dll
0x00007fffa2620000 - 0x00007fffa262c000 	C:\WINDOWS\SYSTEM32\CRYPTBASE.dll
0x00007fffa2090000 - 0x00007fffa20cb000 	C:\WINDOWS\SYSTEM32\IPHLPAPI.DLL
0x00007fffa3c00000 - 0x00007fffa3c08000 	C:\WINDOWS\System32\NSI.dll
0x00007fff98ba0000 - 0x00007fff98bb7000 	C:\WINDOWS\SYSTEM32\dhcpcsvc6.DLL
0x00007fff98aa0000 - 0x00007fff98abd000 	C:\WINDOWS\SYSTEM32\dhcpcsvc.DLL
0x00007fffa2100000 - 0x00007fffa21ca000 	C:\WINDOWS\SYSTEM32\DNSAPI.dll
0x00007fff9f440000 - 0x00007fff9f4d1000 	C:\WINDOWS\system32\apphelp.dll

dbghelp: loaded successfully - version: 4.0.5 - missing functions: none
symbol engine: initialized successfully - sym options: 0x614 - pdb path: .;C:\Program Files\Java\zulu17.32.13-ca-jdk17.0.2-win_x64\bin;C:\WINDOWS\SYSTEM32;C:\WINDOWS\WinSxS\amd64_microsoft.windows.common-controls_6595b64144ccf1df_6.0.19041.1110_none_60b5254171f9507e;C:\Program Files\Java\zulu17.32.13-ca-jdk17.0.2-win_x64\bin\server;C:\Program Files\JetBrains\IntelliJ IDEA 2022.1.1\bin;C:\Users\42194\AppData\Local\Temp

VM Arguments:
jvm_args: -Dmaven.multiModuleProjectDirectory=D:\VIA\Semester3\SEP3_GROUP\SEP3\SEP3\SEP3 Project\DataAccessTier -Dmaven.home=C:\Users\42194\.m2\wrapper\dists\apache-maven-3.8.6-bin\1ks0nkde5v1pk9vtc31i9d0lcd\apache-maven-3.8.6 -Dclassworlds.conf=C:\Users\42194\.m2\wrapper\dists\apache-maven-3.8.6-bin\1ks0nkde5v1pk9vtc31i9d0lcd\apache-maven-3.8.6\bin\m2.conf -Dmaven.ext.class.path=C:\Program Files\JetBrains\IntelliJ IDEA 2022.1.1\plugins\maven\lib\maven-event-listener.jar -javaagent:C:\Program Files\JetBrains\IntelliJ IDEA 2022.1.1\lib\idea_rt.jar=52113:C:\Program Files\JetBrains\IntelliJ IDEA 2022.1.1\bin -Dfile.encoding=UTF-8 
java_command: org.codehaus.classworlds.Launcher -Didea.version=2022.1.1 clean install
java_class_path (initial): C:\Users\42194\.m2\wrapper\dists\apache-maven-3.8.6-bin\1ks0nkde5v1pk9vtc31i9d0lcd\apache-maven-3.8.6\boot\plexus-classworlds-2.6.0.jar;C:\Users\42194\.m2\wrapper\dists\apache-maven-3.8.6-bin\1ks0nkde5v1pk9vtc31i9d0lcd\apache-maven-3.8.6\boot\plexus-classworlds.license
Launcher Type: SUN_STANDARD

[Global flags]
     intx CICompilerCount                          = 4                                         {product} {ergonomic}
     uint ConcGCThreads                            = 2                                         {product} {ergonomic}
     uint G1ConcRefinementThreads                  = 8                                         {product} {ergonomic}
   size_t G1HeapRegionSize                         = 2097152                                   {product} {ergonomic}
    uintx GCDrainStackTargetSize                   = 64                                        {product} {ergonomic}
   size_t InitialHeapSize                          = 268435456                                 {product} {ergonomic}
   size_t MarkStackSize                            = 4194304                                   {product} {ergonomic}
   size_t MaxHeapSize                              = 4263510016                                {product} {ergonomic}
   size_t MaxNewSize                               = 2556428288                                {product} {ergonomic}
   size_t MinHeapDeltaBytes                        = 2097152                                   {product} {ergonomic}
   size_t MinHeapSize                              = 8388608                                   {product} {ergonomic}
    uintx NonNMethodCodeHeapSize                   = 5839372                                {pd product} {ergonomic}
    uintx NonProfiledCodeHeapSize                  = 122909434                              {pd product} {ergonomic}
    uintx ProfiledCodeHeapSize                     = 122909434                              {pd product} {ergonomic}
    uintx ReservedCodeCacheSize                    = 251658240                              {pd product} {ergonomic}
     bool SegmentedCodeCache                       = true                                      {product} {ergonomic}
   size_t SoftMaxHeapSize                          = 4263510016                             {manageable} {ergonomic}
     bool UseCompressedClassPointers               = true                           {product lp64_product} {ergonomic}
     bool UseCompressedOops                        = true                           {product lp64_product} {ergonomic}
     bool UseG1GC                                  = true                                      {product} {ergonomic}
     bool UseLargePagesIndividualAllocation        = false                                  {pd product} {ergonomic}

Logging:
Log output configuration:
 #0: stdout all=warning uptime,level,tags
 #1: stderr all=off uptime,level,tags

Environment Variables:
PATH=C:\Program Files\Zulu\zulu-17\bin\;C:\Program Files (x86)\Common Files\Oracle\Java\javapath;C:\Windows\system32;C:\Windows;C:\Windows\System32\Wbem;C:\Windows\System32\WindowsPowerShell\v1.0\;C:\Windows\System32\OpenSSH\;C:\Program Files (x86)\NVIDIA Corporation\PhysX\Common;C:\WINDOWS\system32;C:\WINDOWS;C:\WINDOWS\System32\Wbem;C:\WINDOWS\System32\WindowsPowerShell\v1.0\;C:\WINDOWS\System32\OpenSSH\;C:\Program Files\NVIDIA Corporation\NVIDIA NvDLISR;C:\WINDOWS\system32;C:\WINDOWS;C:\WINDOWS\System32\Wbem;C:\WINDOWS\System32\WindowsPowerShell\v1.0\;C:\WINDOWS\System32\OpenSSH\;C:\Program Files\Git\cmd;C:\Program Files\nodejs\; C:\Program Files\Java\apache-maven-3.8.6\bin;C:\ProgramData\chocolatey\bin;%RABBITMQ_SERVER%\sbin;C:\Program Files\Erlang OTP\erts-13.1.2\\bin;C:\Program Files\dotnet;C:\Users\42194\AppData\Local\Programs\Python\Python310\Scripts\;C:\Users\42194\AppData\Local\Programs\Python\Python310\;C:\Users\42194\scoop\shims;C:\Users\42194\AppData\Local\Programs\Python\Python37\Scripts\;C:\Users\42194\AppData\Local\Programs\Python\Python37\;C:\Users\42194\AppData\Local\Microsoft\WindowsApps;C:\Users\42194\AppData\Local\Programs\Microsoft VS Code\bin;C:\Users\42194\AppData\Local\GitHubDesktop\bin;C:\Users\42194\go\bin;C:\src\flutter\bin;C:\Users\42194\AppData\Local\atom\bin;C:\Users\42194\AppData\Local\Programs\Hyper\resources\bin;C:\Program Files\heroku\bin;C:\Users\42194\AppData\Roaming\npm;C:\Program Files\Java\apache-maven-3.8.6\bin;C:\Program Files\JetBrains\JetBrains Rider 2022.2.2\bin;C:\Users\42194\AppData\Local\JetBrains\Toolbox\scripts;C:\Users\42194\.dotnet\tools;C:\Users\42194\.dotnet\tools;
USERNAME=42194
OS=Windows_NT
PROCESSOR_IDENTIFIER=Intel64 Family 6 Model 142 Stepping 10, GenuineIntel



---------------  S Y S T E M  ---------------

OS:
 Windows 10 , 64 bit Build 19041 (10.0.19041.2251)
OS uptime: 4 days 8:04 hours
Hyper-V role detected

CPU: total 8 (initial active 8) (4 cores per cpu, 2 threads per core) family 6 model 142 stepping 10 microcode 0xd6, cx8, cmov, fxsr, ht, mmx, 3dnowpref, sse, sse2, sse3, ssse3, sse4.1, sse4.2, popcnt, lzcnt, tsc, tscinvbit, avx, avx2, aes, erms, clmul, bmi1, bmi2, adx, fma, vzeroupper, clflush, clflushopt, hv

Memory: 4k page, system-wide physical 16258M (2817M free)
TotalPageFile size 16258M (AvailPageFile size 10M)
current process WorkingSet (physical memory assigned to process): 256M, peak: 260M
current process commit charge ("private bytes"): 412M, peak: 417M

vm_info: OpenJDK 64-Bit Server VM (17.0.2+8-LTS) for windows-amd64 JRE (17.0.2+8-LTS) (Zulu17.32+13-CA), built on Jan  8 2022 13:06:16 by "zulu_re" with MS VC++ 16.10 / 16.11 (VS2019)

END.
